--------------- Rebuild Started: 11/22/2016 20:37:29 Project: Cleint and Server-Peripheral, Configuration: ARM GCC 4.8.4 Debug ---------------
cydsfit.exe -.appdatapath "C:\Users\msuro\AppData\Local\Cypress Semiconductor\PSoC Creator\3.1" -.fdsnotice -.fdswarpdepfile=warp_dependencies.txt -.fdselabdepfile=elab_dependencies.txt -.fdsbldfile=generated_files.txt -p "C:\Users\msuro\Documents\Manhattan College\Fall 2016\Embedded Systems\Project\Project Files\Client and Server-Peripheral\Cleint and Server-Peripheral.cydsn\Cleint and Server-Peripheral.cyprj" -d CY8C4247LQI-BL483 -s "C:\Users\msuro\Documents\Manhattan College\Fall 2016\Embedded Systems\Project\Project Files\Client and Server-Peripheral\Cleint and Server-Peripheral.cydsn\Generated_Source\PSoC4" -- -yv2 -q10 -ygs -o2 -v3 -.fftcfgtype=LE
Elaborating Design...
HDL Generation ...
Synthesis ...
Place and Route ...
Tech mapping ...
Analog Placement ...
Analog Routing ...
Analog Code Generation ...
Digital Placement ...
Digital Routing ...
Bitstream Generation ...
Static timing analysis ...
API Generation ...
Dependency Generation ...
Clean Temporary Files ...
arm-none-eabi-gcc.exe -mcpu=cortex-m0 -mthumb -Wno-main -I. -I.\Generated_Source\PSoC4 -Wa,-alh=.\CortexM0\ARM_GCC_484\Debug/main.lst -g -D DEBUG -Wall -ffunction-sections -O0 -c .\main.c -o .\CortexM0\ARM_GCC_484\Debug\main.o
arm-none-eabi-gcc.exe -mcpu=cortex-m0 -mthumb -Wno-main -I. -I.\Generated_Source\PSoC4 -Wa,-alh=.\CortexM0\ARM_GCC_484\Debug/common.lst -g -D DEBUG -Wall -ffunction-sections -O0 -c .\common.c -o .\CortexM0\ARM_GCC_484\Debug\common.o
arm-none-eabi-gcc.exe -mcpu=cortex-m0 -mthumb -Wno-main -I. -I.\Generated_Source\PSoC4 -Wa,-alh=.\CortexM0\ARM_GCC_484\Debug/DIS.lst -g -D DEBUG -Wall -ffunction-sections -O0 -c .\DIS.c -o .\CortexM0\ARM_GCC_484\Debug\DIS.o
arm-none-eabi-gcc.exe -mcpu=cortex-m0 -mthumb -Wno-main -I. -I.\Generated_Source\PSoC4 -Wa,-alh=.\CortexM0\ARM_GCC_484\Debug/tps.lst -g -D DEBUG -Wall -ffunction-sections -O0 -c .\tps.c -o .\CortexM0\ARM_GCC_484\Debug\tps.o
arm-none-eabi-gcc.exe -mcpu=cortex-m0 -mthumb -Wno-main -I. -I.\Generated_Source\PSoC4 -Wa,-alh=.\CortexM0\ARM_GCC_484\Debug/cyfitter_cfg.lst -g -D DEBUG -Wall -ffunction-sections -O0 -c .\Generated_Source\PSoC4\cyfitter_cfg.c -o .\CortexM0\ARM_GCC_484\Debug\cyfitter_cfg.o
arm-none-eabi-gcc.exe -mcpu=cortex-m0 -mthumb -Wno-main -I. -I.\Generated_Source\PSoC4 -Wa,-alh=.\CortexM0\ARM_GCC_484\Debug/cymetadata.lst -g -D DEBUG -Wall -ffunction-sections -O0 -c .\Generated_Source\PSoC4\cymetadata.c -o .\CortexM0\ARM_GCC_484\Debug\cymetadata.o
arm-none-eabi-gcc.exe -mcpu=cortex-m0 -mthumb -Wno-main -I. -I.\Generated_Source\PSoC4 -Wa,-alh=.\CortexM0\ARM_GCC_484\Debug/BLE.lst -g -D DEBUG -Wall -ffunction-sections -O0 -c .\Generated_Source\PSoC4\BLE.c -o .\CortexM0\ARM_GCC_484\Debug\BLE.o
arm-none-eabi-gcc.exe -mcpu=cortex-m0 -mthumb -Wno-main -I. -I.\Generated_Source\PSoC4 -Wa,-alh=.\CortexM0\ARM_GCC_484\Debug/BLE_gatt.lst -g -D DEBUG -Wall -ffunction-sections -O0 -c .\Generated_Source\PSoC4\BLE_gatt.c -o .\CortexM0\ARM_GCC_484\Debug\BLE_gatt.o
arm-none-eabi-gcc.exe -mcpu=cortex-m0 -mthumb -Wno-main -I. -I.\Generated_Source\PSoC4 -Wa,-alh=.\CortexM0\ARM_GCC_484\Debug/BLE_tps.lst -g -D DEBUG -Wall -ffunction-sections -O0 -c .\Generated_Source\PSoC4\BLE_tps.c -o .\CortexM0\ARM_GCC_484\Debug\BLE_tps.o
arm-none-eabi-gcc.exe -mcpu=cortex-m0 -mthumb -Wno-main -I. -I.\Generated_Source\PSoC4 -Wa,-alh=.\CortexM0\ARM_GCC_484\Debug/BLE_eventHandler.lst -g -D DEBUG -Wall -ffunction-sections -O0 -c .\Generated_Source\PSoC4\BLE_eventHandler.c -o .\CortexM0\ARM_GCC_484\Debug\BLE_eventHandler.o
arm-none-eabi-gcc.exe -mcpu=cortex-m0 -mthumb -Wno-main -I. -I.\Generated_Source\PSoC4 -Wa,-alh=.\CortexM0\ARM_GCC_484\Debug/BLE_HAL_INT.lst -g -D DEBUG -Wall -ffunction-sections -O0 -c .\Generated_Source\PSoC4\BLE_HAL_INT.c -o .\CortexM0\ARM_GCC_484\Debug\BLE_HAL_INT.o
arm-none-eabi-gcc.exe -mcpu=cortex-m0 -mthumb -Wno-main -I. -I.\Generated_Source\PSoC4 -Wa,-alh=.\CortexM0\ARM_GCC_484\Debug/BLE_HAL_PVT.lst -g -D DEBUG -Wall -ffunction-sections -O0 -c .\Generated_Source\PSoC4\BLE_HAL_PVT.c -o .\CortexM0\ARM_GCC_484\Debug\BLE_HAL_PVT.o
arm-none-eabi-gcc.exe -mcpu=cortex-m0 -mthumb -Wno-main -I. -I.\Generated_Source\PSoC4 -Wa,-alh=.\CortexM0\ARM_GCC_484\Debug/BLE_dis.lst -g -D DEBUG -Wall -ffunction-sections -O0 -c .\Generated_Source\PSoC4\BLE_dis.c -o .\CortexM0\ARM_GCC_484\Debug\BLE_dis.o
arm-none-eabi-gcc.exe -mcpu=cortex-m0 -mthumb -Wno-main -I. -I.\Generated_Source\PSoC4 -Wa,-alh=.\CortexM0\ARM_GCC_484\Debug/SW2.lst -g -D DEBUG -Wall -ffunction-sections -O0 -c .\Generated_Source\PSoC4\SW2.c -o .\CortexM0\ARM_GCC_484\Debug\SW2.o
arm-none-eabi-gcc.exe -mcpu=cortex-m0 -mthumb -Wno-main -I. -I.\Generated_Source\PSoC4 -Wa,-alh=.\CortexM0\ARM_GCC_484\Debug/isr_DIS.lst -g -D DEBUG -Wall -ffunction-sections -O0 -c .\Generated_Source\PSoC4\isr_DIS.c -o .\CortexM0\ARM_GCC_484\Debug\isr_DIS.o
arm-none-eabi-gcc.exe -mcpu=cortex-m0 -mthumb -Wno-main -I. -I.\Generated_Source\PSoC4 -Wa,-alh=.\CortexM0\ARM_GCC_484\Debug/Advertising_Led.lst -g -D DEBUG -Wall -ffunction-sections -O0 -c .\Generated_Source\PSoC4\Advertising_Led.c -o .\CortexM0\ARM_GCC_484\Debug\Advertising_Led.o
arm-none-eabi-gcc.exe -mcpu=cortex-m0 -mthumb -Wno-main -I. -I.\Generated_Source\PSoC4 -Wa,-alh=.\CortexM0\ARM_GCC_484\Debug/Disconnect_Led.lst -g -D DEBUG -Wall -ffunction-sections -O0 -c .\Generated_Source\PSoC4\Disconnect_Led.c -o .\CortexM0\ARM_GCC_484\Debug\Disconnect_Led.o
arm-none-eabi-gcc.exe -mcpu=cortex-m0 -mthumb -Wno-main -I. -I.\Generated_Source\PSoC4 -Wa,-alh=.\CortexM0\ARM_GCC_484\Debug/Connect_Led.lst -g -D DEBUG -Wall -ffunction-sections -O0 -c .\Generated_Source\PSoC4\Connect_Led.c -o .\CortexM0\ARM_GCC_484\Debug\Connect_Led.o
arm-none-eabi-gcc.exe -mcpu=cortex-m0 -mthumb -Wno-main -I. -I.\Generated_Source\PSoC4 -Wa,-alh=.\CortexM0\ARM_GCC_484\Debug/UART.lst -g -D DEBUG -Wall -ffunction-sections -O0 -c .\Generated_Source\PSoC4\UART.c -o .\CortexM0\ARM_GCC_484\Debug\UART.o
arm-none-eabi-gcc.exe -mcpu=cortex-m0 -mthumb -Wno-main -I. -I.\Generated_Source\PSoC4 -Wa,-alh=.\CortexM0\ARM_GCC_484\Debug/UART_SPI_UART.lst -g -D DEBUG -Wall -ffunction-sections -O0 -c .\Generated_Source\PSoC4\UART_SPI_UART.c -o .\CortexM0\ARM_GCC_484\Debug\UART_SPI_UART.o
arm-none-eabi-gcc.exe -mcpu=cortex-m0 -mthumb -Wno-main -I. -I.\Generated_Source\PSoC4 -Wa,-alh=.\CortexM0\ARM_GCC_484\Debug/UART_SPI_UART_INT.lst -g -D DEBUG -Wall -ffunction-sections -O0 -c .\Generated_Source\PSoC4\UART_SPI_UART_INT.c -o .\CortexM0\ARM_GCC_484\Debug\UART_SPI_UART_INT.o
arm-none-eabi-gcc.exe -mcpu=cortex-m0 -mthumb -Wno-main -I. -I.\Generated_Source\PSoC4 -Wa,-alh=.\CortexM0\ARM_GCC_484\Debug/UART_PM.lst -g -D DEBUG -Wall -ffunction-sections -O0 -c .\Generated_Source\PSoC4\UART_PM.c -o .\CortexM0\ARM_GCC_484\Debug\UART_PM.o
arm-none-eabi-gcc.exe -mcpu=cortex-m0 -mthumb -Wno-main -I. -I.\Generated_Source\PSoC4 -Wa,-alh=.\CortexM0\ARM_GCC_484\Debug/UART_UART.lst -g -D DEBUG -Wall -ffunction-sections -O0 -c .\Generated_Source\PSoC4\UART_UART.c -o .\CortexM0\ARM_GCC_484\Debug\UART_UART.o
arm-none-eabi-gcc.exe -mcpu=cortex-m0 -mthumb -Wno-main -I. -I.\Generated_Source\PSoC4 -Wa,-alh=.\CortexM0\ARM_GCC_484\Debug/UART_BOOT.lst -g -D DEBUG -Wall -ffunction-sections -O0 -c .\Generated_Source\PSoC4\UART_BOOT.c -o .\CortexM0\ARM_GCC_484\Debug\UART_BOOT.o
arm-none-eabi-gcc.exe -mcpu=cortex-m0 -mthumb -Wno-main -I. -I.\Generated_Source\PSoC4 -Wa,-alh=.\CortexM0\ARM_GCC_484\Debug/UART_UART_BOOT.lst -g -D DEBUG -Wall -ffunction-sections -O0 -c .\Generated_Source\PSoC4\UART_UART_BOOT.c -o .\CortexM0\ARM_GCC_484\Debug\UART_UART_BOOT.o
arm-none-eabi-gcc.exe -mcpu=cortex-m0 -mthumb -Wno-main -I. -I.\Generated_Source\PSoC4 -Wa,-alh=.\CortexM0\ARM_GCC_484\Debug/BLE_bless_isr.lst -g -D DEBUG -Wall -ffunction-sections -O0 -c .\Generated_Source\PSoC4\BLE_bless_isr.c -o .\CortexM0\ARM_GCC_484\Debug\BLE_bless_isr.o
arm-none-eabi-gcc.exe -mcpu=cortex-m0 -mthumb -Wno-main -I. -I.\Generated_Source\PSoC4 -Wa,-alh=.\CortexM0\ARM_GCC_484\Debug/UART_SCBCLK.lst -g -D DEBUG -Wall -ffunction-sections -O0 -c .\Generated_Source\PSoC4\UART_SCBCLK.c -o .\CortexM0\ARM_GCC_484\Debug\UART_SCBCLK.o
arm-none-eabi-gcc.exe -mcpu=cortex-m0 -mthumb -Wno-main -I. -I.\Generated_Source\PSoC4 -Wa,-alh=.\CortexM0\ARM_GCC_484\Debug/UART_tx.lst -g -D DEBUG -Wall -ffunction-sections -O0 -c .\Generated_Source\PSoC4\UART_tx.c -o .\CortexM0\ARM_GCC_484\Debug\UART_tx.o
arm-none-eabi-gcc.exe -mcpu=cortex-m0 -mthumb -Wno-main -I. -I.\Generated_Source\PSoC4 -Wa,-alh=.\CortexM0\ARM_GCC_484\Debug/UART_rx.lst -g -D DEBUG -Wall -ffunction-sections -O0 -c .\Generated_Source\PSoC4\UART_rx.c -o .\CortexM0\ARM_GCC_484\Debug\UART_rx.o
arm-none-eabi-gcc.exe -mcpu=cortex-m0 -mthumb -Wno-main -I. -I.\Generated_Source\PSoC4 -Wa,-alh=.\CortexM0\ARM_GCC_484\Debug/Cm0Start.lst -g -D DEBUG -Wall -ffunction-sections -O0 -c .\Generated_Source\PSoC4\Cm0Start.c -o .\CortexM0\ARM_GCC_484\Debug\Cm0Start.o
arm-none-eabi-as.exe -mcpu=cortex-m0 -mthumb -I. -I.\Generated_Source\PSoC4 -alh=.\CortexM0\ARM_GCC_484\Debug/CyBootAsmGnu.lst -g -W -o .\CortexM0\ARM_GCC_484\Debug\CyBootAsmGnu.o .\Generated_Source\PSoC4\CyBootAsmGnu.s
arm-none-eabi-gcc.exe -mcpu=cortex-m0 -mthumb -Wno-main -I. -I.\Generated_Source\PSoC4 -Wa,-alh=.\CortexM0\ARM_GCC_484\Debug/CyFlash.lst -g -D DEBUG -Wall -ffunction-sections -O0 -c .\Generated_Source\PSoC4\CyFlash.c -o .\CortexM0\ARM_GCC_484\Debug\CyFlash.o
arm-none-eabi-gcc.exe -mcpu=cortex-m0 -mthumb -Wno-main -I. -I.\Generated_Source\PSoC4 -Wa,-alh=.\CortexM0\ARM_GCC_484\Debug/CyLib.lst -g -D DEBUG -Wall -ffunction-sections -O0 -c .\Generated_Source\PSoC4\CyLib.c -o .\CortexM0\ARM_GCC_484\Debug\CyLib.o
arm-none-eabi-gcc.exe -mcpu=cortex-m0 -mthumb -Wno-main -I. -I.\Generated_Source\PSoC4 -Wa,-alh=.\CortexM0\ARM_GCC_484\Debug/cyPm.lst -g -D DEBUG -Wall -ffunction-sections -O0 -c .\Generated_Source\PSoC4\cyPm.c -o .\CortexM0\ARM_GCC_484\Debug\cyPm.o
arm-none-eabi-gcc.exe -mcpu=cortex-m0 -mthumb -Wno-main -I. -I.\Generated_Source\PSoC4 -Wa,-alh=.\CortexM0\ARM_GCC_484\Debug/cyutils.lst -g -D DEBUG -Wall -ffunction-sections -O0 -c .\Generated_Source\PSoC4\cyutils.c -o .\CortexM0\ARM_GCC_484\Debug\cyutils.o
arm-none-eabi-ar.exe -rs ".\CortexM0\ARM_GCC_484\Debug\Cleint and Server-Peripheral.a" .\CortexM0\ARM_GCC_484\Debug\cyfitter_cfg.o .\CortexM0\ARM_GCC_484\Debug\BLE.o .\CortexM0\ARM_GCC_484\Debug\BLE_gatt.o .\CortexM0\ARM_GCC_484\Debug\BLE_tps.o .\CortexM0\ARM_GCC_484\Debug\BLE_eventHandler.o .\CortexM0\ARM_GCC_484\Debug\BLE_HAL_INT.o .\CortexM0\ARM_GCC_484\Debug\BLE_HAL_PVT.o .\CortexM0\ARM_GCC_484\Debug\BLE_dis.o .\CortexM0\ARM_GCC_484\Debug\SW2.o .\CortexM0\ARM_GCC_484\Debug\isr_DIS.o .\CortexM0\ARM_GCC_484\Debug\Advertising_Led.o .\CortexM0\ARM_GCC_484\Debug\Disconnect_Led.o .\CortexM0\ARM_GCC_484\Debug\Connect_Led.o .\CortexM0\ARM_GCC_484\Debug\UART.o .\CortexM0\ARM_GCC_484\Debug\UART_SPI_UART.o .\CortexM0\ARM_GCC_484\Debug\UART_SPI_UART_INT.o .\CortexM0\ARM_GCC_484\Debug\UART_PM.o .\CortexM0\ARM_GCC_484\Debug\UART_UART.o .\CortexM0\ARM_GCC_484\Debug\UART_BOOT.o .\CortexM0\ARM_GCC_484\Debug\UART_UART_BOOT.o .\CortexM0\ARM_GCC_484\Debug\BLE_bless_isr.o .\CortexM0\ARM_GCC_484\Debug\UART_SCBCLK.o .\CortexM0\ARM_GCC_484\Debug\UART_tx.o .\CortexM0\ARM_GCC_484\Debug\UART_rx.o .\CortexM0\ARM_GCC_484\Debug\CyBootAsmGnu.o .\CortexM0\ARM_GCC_484\Debug\CyFlash.o .\CortexM0\ARM_GCC_484\Debug\CyLib.o .\CortexM0\ARM_GCC_484\Debug\cyPm.o .\CortexM0\ARM_GCC_484\Debug\cyutils.o
arm-none-eabi-ar.exe: creating .\CortexM0\ARM_GCC_484\Debug\Cleint and Server-Peripheral.a
arm-none-eabi-gcc.exe -Wl,--start-group -o ".\CortexM0\ARM_GCC_484\Debug\Cleint and Server-Peripheral.elf" .\CortexM0\ARM_GCC_484\Debug\main.o .\CortexM0\ARM_GCC_484\Debug\common.o .\CortexM0\ARM_GCC_484\Debug\DIS.o .\CortexM0\ARM_GCC_484\Debug\tps.o .\CortexM0\ARM_GCC_484\Debug\cymetadata.o .\CortexM0\ARM_GCC_484\Debug\Cm0Start.o ".\CortexM0\ARM_GCC_484\Debug\Cleint and Server-Peripheral.a" "C:\Program Files (x86)\Cypress\PSoC Creator\3.1\PSoC Creator\psoc\content\cycomponentlibrary\CyComponentLibrary.cylib\BLE_v1_20\Library\gccCyBLEStack_BLE_SOC_PERIPHERAL.a" "C:\Program Files (x86)\Cypress\PSoC Creator\3.1\PSoC Creator\psoc\content\cycomponentlibrary\CyComponentLibrary.cylib\CortexM0\ARM_GCC_484\Debug\CyComponentLibrary.a" -mthumb -march=armv6-m "-Wl,-Map,.\CortexM0\ARM_GCC_484\Debug/Cleint and Server-Peripheral.map" -T .\Generated_Source\PSoC4\cm0gcc.ld -g -specs=nano.specs "-u _printf_float" "" -Wl,--gc-sections -Wl,--end-group
cyelftool.exe -C "C:\Users\msuro\Documents\Manhattan College\Fall 2016\Embedded Systems\Project\Project Files\Client and Server-Peripheral\Cleint and Server-Peripheral.cydsn\CortexM0\ARM_GCC_484\Debug\Cleint and Server-Peripheral.elf" --flash_size 131072 --flash_row_size 128
cyelftool.exe -S "C:\Users\msuro\Documents\Manhattan College\Fall 2016\Embedded Systems\Project\Project Files\Client and Server-Peripheral\Cleint and Server-Peripheral.cydsn\CortexM0\ARM_GCC_484\Debug\Cleint and Server-Peripheral.elf"
Flash used: 84015 of 131072 bytes (64.1 %).
SRAM used: 13668 of 16384 bytes (83.4 %). Stack: 2048 bytes. Heap: 1024 bytes.
--------------- Rebuild Succeeded: 11/22/2016 20:37:42 ---------------
