Loading plugins phase: Elapsed time ==> 0s.163ms
Initializing data phase: Elapsed time ==> 0s.000ms
<CYPRESSTAG name="CyDsfit arguments...">
cydsfit arguments: -.fdsnotice -.fdswarpdepfile=warp_dependencies.txt -.fdselabdepfile=elab_dependencies.txt -.fdsbldfile=generated_files.txt -p C:\Users\msuro\Documents\Manhattan College\Fall 2016\Embedded Systems\Project\Project Files\Client and Server-Central\Client and Server-Central.cydsn\Client and Server-Central.cyprj -d CYBL10162-56LQXI -s C:\Users\msuro\Documents\Manhattan College\Fall 2016\Embedded Systems\Project\Project Files\Client and Server-Central\Client and Server-Central.cydsn\Generated_Source\PSoC4 -- -yv2 -q10 -ygs -o2 -v3 -.fftcfgtype=LE</CYPRESSTAG>
<CYPRESSTAG name="Design elaboration results...">
</CYPRESSTAG>
Elaboration phase: Elapsed time ==> 2s.549ms
<CYPRESSTAG name="HDL generation results...">
</CYPRESSTAG>
HDL generation phase: Elapsed time ==> 0s.056ms
<CYPRESSTAG name="Synthesis results...">

     | | | | | | |
   _________________
  -|               |-
  -|               |-
  -|               |-
  -|    CYPRESS    |-
  -|               |-
  -|               |-   Warp Verilog Synthesis Compiler: Version 6.3 IR 41
  -|               |-   Copyright (C) 1991-2001 Cypress Semiconductor
   |_______________|
     | | | | | | |

======================================================================
Compiling:  Client and Server-Central.v
Program  :   C:\Program Files (x86)\Cypress\PSoC Creator\3.1\PSoC Creator\warp\bin/warp.exe
Options  :    -yv2 -q10 -ygs -o2 -v3 -.fftcfgtype=LE -ya -.fftprj=C:\Users\msuro\Documents\Manhattan College\Fall 2016\Embedded Systems\Project\Project Files\Client and Server-Central\Client and Server-Central.cydsn\Client and Server-Central.cyprj -dcpsoc3 Client and Server-Central.v -verilog
======================================================================

======================================================================
Compiling:  Client and Server-Central.v
Program  :   C:\Program Files (x86)\Cypress\PSoC Creator\3.1\PSoC Creator\warp\bin/warp.exe
Options  :    -yv2 -q10 -ygs -o2 -v3 -.fftcfgtype=LE -ya -.fftprj=C:\Users\msuro\Documents\Manhattan College\Fall 2016\Embedded Systems\Project\Project Files\Client and Server-Central\Client and Server-Central.cydsn\Client and Server-Central.cyprj -dcpsoc3 Client and Server-Central.v -verilog
======================================================================

======================================================================
Compiling:  Client and Server-Central.v
Program  :   vlogfe
Options  :    -yv2 -q10 -ygs -o2 -v3 -.fftcfgtype=LE -ya -.fftprj=C:\Users\msuro\Documents\Manhattan College\Fall 2016\Embedded Systems\Project\Project Files\Client and Server-Central\Client and Server-Central.cydsn\Client and Server-Central.cyprj -dcpsoc3 -verilog Client and Server-Central.v
======================================================================

vlogfe V6.3 IR 41:  Verilog parser
Tue Nov 22 20:39:06 2016


======================================================================
Compiling:  Client and Server-Central.v
Program  :   vpp
Options  :    -yv2 -q10 Client and Server-Central.v
======================================================================

vpp V6.3 IR 41:  Verilog Pre-Processor
Tue Nov 22 20:39:06 2016

Flattening file 'C:\Program Files (x86)\Cypress\PSoC Creator\3.1\PSoC Creator\warp\..\psoc\content\cyprimitives\CyPrimitives.cylib\or_v1_0\or_v1_0.v'
Flattening file 'C:\Program Files (x86)\Cypress\PSoC Creator\3.1\PSoC Creator\warp\..\psoc\content\cyprimitives\CyPrimitives.cylib\cy_constant_v1_0\cy_constant_v1_0.v'
Flattening file 'C:\Program Files (x86)\Cypress\PSoC Creator\3.1\PSoC Creator\warp\..\psoc\content\cyprimitives\CyPrimitives.cylib\ZeroTerminal\ZeroTerminal.v'
Flattening file 'C:\Program Files (x86)\Cypress\PSoC Creator\3.1\PSoC Creator\warp\..\psoc\content\cyprimitives\CyPrimitives.cylib\cy_virtualmux_v1_0\cy_virtualmux_v1_0.v'

vpp:  No errors.

Library 'work' => directory 'lcpsoc3'
General_symbol_table
General_symbol_table
Linking 'C:\Program Files (x86)\Cypress\PSoC Creator\3.1\PSoC Creator\warp\lib\common\std.vhd'.
Linking 'C:\Program Files (x86)\Cypress\PSoC Creator\3.1\PSoC Creator\warp\lib\common\cypress.vhd'.
Linking 'C:\Program Files (x86)\Cypress\PSoC Creator\3.1\PSoC Creator\warp\lib\common\work\cypress.vif'.
Linking 'C:\Program Files (x86)\Cypress\PSoC Creator\3.1\PSoC Creator\warp\lib\ieee\work\stdlogic.vif'.
Linking 'C:\Program Files (x86)\Cypress\PSoC Creator\3.1\PSoC Creator\warp\lib\common\stdlogic\lpmpkg.vif'.
Linking 'C:\Program Files (x86)\Cypress\PSoC Creator\3.1\PSoC Creator\warp\lib\common\stdlogic\rtlpkg.vif'.
Linking 'C:\Program Files (x86)\Cypress\PSoC Creator\3.1\PSoC Creator\warp\lib\common\stdlogic\mod_cnst.vif'.
Linking 'C:\Program Files (x86)\Cypress\PSoC Creator\3.1\PSoC Creator\warp\lib\common\stdlogic\mod_mthv.vif'.
Linking 'C:\Program Files (x86)\Cypress\PSoC Creator\3.1\PSoC Creator\warp\lib\common\stdlogic\mod_genv.vif'.
Using control file 'Client and Server-Central.ctl'.

vlogfe:  No errors.


======================================================================
Compiling:  Client and Server-Central.v
Program  :   tovif
Options  :    -yv2 -q10 -ygs -o2 -v3 -.fftcfgtype=LE -ya -.fftprj=C:\Users\msuro\Documents\Manhattan College\Fall 2016\Embedded Systems\Project\Project Files\Client and Server-Central\Client and Server-Central.cydsn\Client and Server-Central.cyprj -dcpsoc3 -verilog Client and Server-Central.v
======================================================================

tovif V6.3 IR 41:  High-level synthesis
Tue Nov 22 20:39:06 2016

Linking 'C:\Program Files (x86)\Cypress\PSoC Creator\3.1\PSoC Creator\warp\lib\common\std.vhd'.
Linking 'C:\Program Files (x86)\Cypress\PSoC Creator\3.1\PSoC Creator\warp\lib\common\cypress.vhd'.
Linking 'C:\Program Files (x86)\Cypress\PSoC Creator\3.1\PSoC Creator\warp\lib\common\work\cypress.vif'.
Linking 'C:\Program Files (x86)\Cypress\PSoC Creator\3.1\PSoC Creator\warp\lib\ieee\work\stdlogic.vif'.
Linking 'C:\Program Files (x86)\Cypress\PSoC Creator\3.1\PSoC Creator\warp\lib\common\stdlogic\lpmpkg.vif'.
Linking 'C:\Program Files (x86)\Cypress\PSoC Creator\3.1\PSoC Creator\warp\lib\common\stdlogic\rtlpkg.vif'.
Linking 'C:\Program Files (x86)\Cypress\PSoC Creator\3.1\PSoC Creator\warp\lib\common\stdlogic\mod_cnst.vif'.
Linking 'C:\Program Files (x86)\Cypress\PSoC Creator\3.1\PSoC Creator\warp\lib\common\stdlogic\mod_mthv.vif'.
Linking 'C:\Program Files (x86)\Cypress\PSoC Creator\3.1\PSoC Creator\warp\lib\common\stdlogic\mod_genv.vif'.
Linking 'C:\Users\msuro\Documents\Manhattan College\Fall 2016\Embedded Systems\Project\Project Files\Client and Server-Central\Client and Server-Central.cydsn\codegentemp\Client and Server-Central.ctl'.
Linking 'C:\Program Files (x86)\Cypress\PSoC Creator\3.1\PSoC Creator\psoc\content\cyprimitives\CyPrimitives.cylib\or_v1_0\or_v1_0.v'.
Linking 'C:\Users\msuro\Documents\Manhattan College\Fall 2016\Embedded Systems\Project\Project Files\Client and Server-Central\Client and Server-Central.cydsn\codegentemp\Client and Server-Central.v'.
Linking 'C:\Program Files (x86)\Cypress\PSoC Creator\3.1\PSoC Creator\psoc\content\cyprimitives\CyPrimitives.cylib\cy_constant_v1_0\cy_constant_v1_0.v'.
Linking 'C:\Program Files (x86)\Cypress\PSoC Creator\3.1\PSoC Creator\psoc\content\cyprimitives\CyPrimitives.cylib\ZeroTerminal\ZeroTerminal.v'.
Linking 'C:\Program Files (x86)\Cypress\PSoC Creator\3.1\PSoC Creator\psoc\content\cyprimitives\CyPrimitives.cylib\cy_virtualmux_v1_0\cy_virtualmux_v1_0.v'.

tovif:  No errors.


======================================================================
Compiling:  Client and Server-Central.v
Program  :   topld
Options  :    -yv2 -q10 -ygs -o2 -v3 -.fftcfgtype=LE -ya -.fftprj=C:\Users\msuro\Documents\Manhattan College\Fall 2016\Embedded Systems\Project\Project Files\Client and Server-Central\Client and Server-Central.cydsn\Client and Server-Central.cyprj -dcpsoc3 -verilog Client and Server-Central.v
======================================================================

topld V6.3 IR 41:  Synthesis and optimization
Tue Nov 22 20:39:06 2016

Linking 'C:\Program Files (x86)\Cypress\PSoC Creator\3.1\PSoC Creator\warp\lib\common\std.vhd'.
Linking 'C:\Program Files (x86)\Cypress\PSoC Creator\3.1\PSoC Creator\warp\lib\common\cypress.vhd'.
Linking 'C:\Program Files (x86)\Cypress\PSoC Creator\3.1\PSoC Creator\warp\lib\common\work\cypress.vif'.
Linking 'C:\Program Files (x86)\Cypress\PSoC Creator\3.1\PSoC Creator\warp\lib\ieee\work\stdlogic.vif'.
Linking 'C:\Program Files (x86)\Cypress\PSoC Creator\3.1\PSoC Creator\warp\lib\common\stdlogic\lpmpkg.vif'.
Linking 'C:\Program Files (x86)\Cypress\PSoC Creator\3.1\PSoC Creator\warp\lib\common\stdlogic\rtlpkg.vif'.
Linking 'C:\Program Files (x86)\Cypress\PSoC Creator\3.1\PSoC Creator\warp\lib\common\stdlogic\mod_cnst.vif'.
Linking 'C:\Program Files (x86)\Cypress\PSoC Creator\3.1\PSoC Creator\warp\lib\common\stdlogic\mod_mthv.vif'.
Linking 'C:\Program Files (x86)\Cypress\PSoC Creator\3.1\PSoC Creator\warp\lib\common\stdlogic\mod_genv.vif'.
Linking 'C:\Users\msuro\Documents\Manhattan College\Fall 2016\Embedded Systems\Project\Project Files\Client and Server-Central\Client and Server-Central.cydsn\codegentemp\Client and Server-Central.ctl'.
Linking 'C:\Program Files (x86)\Cypress\PSoC Creator\3.1\PSoC Creator\psoc\content\cyprimitives\CyPrimitives.cylib\or_v1_0\or_v1_0.v'.
Linking 'C:\Users\msuro\Documents\Manhattan College\Fall 2016\Embedded Systems\Project\Project Files\Client and Server-Central\Client and Server-Central.cydsn\codegentemp\Client and Server-Central.v'.
Linking 'C:\Program Files (x86)\Cypress\PSoC Creator\3.1\PSoC Creator\psoc\content\cyprimitives\CyPrimitives.cylib\cy_constant_v1_0\cy_constant_v1_0.v'.
Linking 'C:\Program Files (x86)\Cypress\PSoC Creator\3.1\PSoC Creator\psoc\content\cyprimitives\CyPrimitives.cylib\ZeroTerminal\ZeroTerminal.v'.
Linking 'C:\Program Files (x86)\Cypress\PSoC Creator\3.1\PSoC Creator\psoc\content\cyprimitives\CyPrimitives.cylib\cy_virtualmux_v1_0\cy_virtualmux_v1_0.v'.
Linking 'C:\Program Files (x86)\Cypress\PSoC Creator\3.1\PSoC Creator\warp\lib\lcpsoc3\stdlogic\cpsoc3.vif'.

----------------------------------------------------------
Detecting unused logic.
----------------------------------------------------------
    User names
	Net_3176
	\BLE:Net_55\
	\UART:Net_452\
	\UART:Net_682\
	\UART:uncfg_rx_irq\
	\UART:Net_754\
	\UART:Net_767\
	\UART:Net_547\
	\UART:Net_891\
	\UART:Net_474\
	\UART:Net_899\


Deleted 11 User equations/components.
Deleted 0 Synthesized equations/components.

------------------------------------------------------
Alias Detection
------------------------------------------------------
Aliasing \UART:Net_676\ to \UART:Net_459\
Aliasing \UART:Net_245\ to \UART:Net_459\
Aliasing \UART:Net_416\ to \UART:Net_459\
Aliasing zero to \UART:Net_459\
Aliasing one to \UART:tmpOE__tx_net_0\
Aliasing \UART:tmpOE__rx_net_0\ to \UART:tmpOE__tx_net_0\
Aliasing \UART:Net_747\ to \UART:Net_459\
Removing Lhs of wire \UART:Net_652\[10] = \UART:Net_459\[9]
Removing Lhs of wire \UART:Net_676\[12] = \UART:Net_459\[9]
Removing Lhs of wire \UART:Net_245\[13] = \UART:Net_459\[9]
Removing Lhs of wire \UART:Net_416\[14] = \UART:Net_459\[9]
Removing Rhs of wire \UART:Net_654\[15] = \UART:Net_379\[16]
Removing Lhs of wire \UART:SCBclock\[19] = \UART:Net_847\[8]
Removing Lhs of wire \UART:Net_653\[20] = \UART:Net_459\[9]
Removing Lhs of wire \UART:Net_909\[21] = \UART:Net_459\[9]
Removing Lhs of wire \UART:Net_663\[22] = \UART:Net_459\[9]
Removing Rhs of wire zero[29] = \UART:Net_459\[9]
Removing Rhs of wire one[30] = \UART:tmpOE__tx_net_0\[24]
Removing Lhs of wire \UART:tmpOE__rx_net_0\[35] = one[30]
Removing Lhs of wire \UART:Net_739\[39] = zero[29]
Removing Lhs of wire \UART:Net_747\[40] = zero[29]

------------------------------------------------------
Aliased 0 equations, 14 wires.
------------------------------------------------------

----------------------------------------------------------
Circuit simplification
----------------------------------------------------------

Substituting virtuals - pass 1:


----------------------------------------------------------
Circuit simplification results:

	Expanded 0 signals.
	Turned 0 signals into soft nodes.
	Maximum default expansion cost was set at 3.
----------------------------------------------------------

topld:  No errors.

CYPRESS_DIR    : C:\Program Files (x86)\Cypress\PSoC Creator\3.1\PSoC Creator\warp
Warp Program   : C:\Program Files (x86)\Cypress\PSoC Creator\3.1\PSoC Creator\warp\bin/warp.exe
Warp Arguments : -yv2 -q10 -ygs -o2 -v3 -.fftcfgtype=LE -ya "-.fftprj=C:\Users\msuro\Documents\Manhattan College\Fall 2016\Embedded Systems\Project\Project Files\Client and Server-Central\Client and Server-Central.cydsn\Client and Server-Central.cyprj" -dcpsoc3 "Client and Server-Central.v" -verilog
</CYPRESSTAG>
Warp synthesis phase: Elapsed time ==> 0s.394ms
<CYPRESSTAG name="Fitter results...">
<CYPRESSTAG name="Fitter startup details...">
cyp3fit: V3.1.0.2288, Family: PSoC3, Started at: Tuesday, 22 November 2016 20:39:07
Options: -yv2 -q10 -ygs -o2 -v3 -.fftcfgtype=LE -ya -.fftprj=C:\Users\msuro\Documents\Manhattan College\Fall 2016\Embedded Systems\Project\Project Files\Client and Server-Central\Client and Server-Central.cydsn\Client and Server-Central.cyprj -d CYBL10162-56LQXI Client and Server-Central.v -verilog
</CYPRESSTAG>
<CYPRESSTAG name="Design parsing">
Design parsing phase: Elapsed time ==> 0s.013ms
</CYPRESSTAG>
<CYPRESSTAG name="Tech mapping">
<CYPRESSTAG name="Initial Mapping" icon="FILE_RPT_TECHM">
Assigning clock BLE_LFCLK to clock LFCLK because it is a pass-through
<CYPRESSTAG name="Global Clock Selection" icon="FILE_RPT_TECHM">
    Fixed Function Clock 1: Automatic-assigning  clock 'UART_SCBCLK'. Signal=\UART:Net_847_ff1\
<CYPRESSTAG name="UDB Clock/Enable Remapping Results">
</CYPRESSTAG>
</CYPRESSTAG>

Removing unused cells resulting from optimization
Done removing unused cells.
<CYPRESSTAG name="Duplicate Macrocell detection">
</CYPRESSTAG>
</CYPRESSTAG>
<CYPRESSTAG name="Duplicate Macrocell detection">
</CYPRESSTAG>
<CYPRESSTAG name="Design Equations" icon="FILE_RPT_EQUATION">

------------------------------------------------------------
Design Equations
------------------------------------------------------------
    <CYPRESSTAG name="Pin listing">

    ------------------------------------------------------------
    Pin listing
    ------------------------------------------------------------

    Pin : Name = \UART:rx(0)\
        Attributes:
            In Group/Port: True
            In Sync Option: NOSYNC
            Out Sync Option: AUTO
            Interrupt generated: False
            Interrupt mode: NONE
            Drive mode: HI_Z_DIGITAL
            VTrip: CMOS
            Slew: FAST
            Input Sync needed: False
            Output Sync needed: False
            SC shield enabled: False
            POR State: ANY
            LCD Mode: COMMON
            Register Mode: RegComb
            CaSense Mode: NEITHER
            Treat as pin: True
            Is OE Registered: False
            Uses Analog: False
            Can contain Digital: True
            Is SIO: False
            SIO Output Buf: NONREGULATED
            SIO Input Buf: SINGLE_ENDED
            SIO HiFreq: LOW
            SIO Hyst: DISABLED
            SIO Vtrip: MULTIPLIER_0_5
            SIO RefSel: VCC_IO
            Required Capabilitites: DIGITAL, SCB_UART_RX
            Initial Value: 0
            IO Voltage: 0
        PORT MAP (
            pa_out => \UART:rx(0)\__PA ,
            fb => \UART:Net_654\ ,
            pad => \UART:rx(0)_PAD\ );
        Properties:
        {
        }

    Pin : Name = \UART:tx(0)\
        Attributes:
            In Group/Port: True
            In Sync Option: NOSYNC
            Out Sync Option: NOSYNC
            Interrupt generated: False
            Interrupt mode: NONE
            Drive mode: CMOS_OUT
            VTrip: CMOS
            Slew: FAST
            Input Sync needed: False
            Output Sync needed: False
            SC shield enabled: False
            POR State: ANY
            LCD Mode: COMMON
            Register Mode: RegComb
            CaSense Mode: NEITHER
            Treat as pin: True
            Is OE Registered: False
            Uses Analog: False
            Can contain Digital: True
            Is SIO: False
            SIO Output Buf: NONREGULATED
            SIO Input Buf: SINGLE_ENDED
            SIO HiFreq: LOW
            SIO Hyst: DISABLED
            SIO Vtrip: MULTIPLIER_0_5
            SIO RefSel: VCC_IO
            Required Capabilitites: DIGITAL, SCB_UART_TX
            Initial Value: 1
            IO Voltage: 0
        PORT MAP (
            pa_out => \UART:tx(0)\__PA ,
            input => \UART:Net_656\ ,
            pad => \UART:tx(0)_PAD\ );
        Properties:
        {
        }
    </CYPRESSTAG>
    <CYPRESSTAG name="Macrocell listing" icon="FILE_RPT_EQUATION">
    </CYPRESSTAG>
    <CYPRESSTAG name="Datapath listing">
    </CYPRESSTAG>
    <CYPRESSTAG name="Status register listing">
    </CYPRESSTAG>
    <CYPRESSTAG name="StatusI register listing">
    </CYPRESSTAG>
    <CYPRESSTAG name="Sync listing">
    </CYPRESSTAG>
    <CYPRESSTAG name="Control register listing">
    </CYPRESSTAG>
    <CYPRESSTAG name="Count7 listing">
    </CYPRESSTAG>
    <CYPRESSTAG name="DRQ listing">
    </CYPRESSTAG>
    <CYPRESSTAG name="Interrupt listing">

    ------------------------------------------------------------
    Interrupt listing
    ------------------------------------------------------------

    interrupt: Name =\BLE:bless_isr\
        PORT MAP (
            interrupt => \BLE:Net_15\ );
        Properties:
        {
            int_type = "10"
        }
    </CYPRESSTAG>
</CYPRESSTAG>
<CYPRESSTAG name="Technology mapping summary" expanded>

------------------------------------------------------------
Technology mapping summary
------------------------------------------------------------

Resource Type                 : Used : Free :  Max :  % Used
============================================================
Digital clock dividers        :    0 :    4 :    4 :   0.00%
Pins                          :    6 :   32 :   38 :  15.79%
UDB Macrocells                :    0 :   32 :   32 :   0.00%
UDB Unique Pterms             :    0 :   64 :   64 :   0.00%
UDB Datapath Cells            :    0 :    4 :    4 :   0.00%
UDB Status Cells              :    0 :    4 :    4 :   0.00%
UDB Control Cells             :    0 :    4 :    4 :   0.00%
Interrupts                    :    1 :   31 :   32 :   3.13%
SAR Fixed Blocks              :    0 :    1 :    1 :   0.00%
Temperature Sensors           :    0 :    1 :    1 :   0.00%
TCPWM Blocks                  :    0 :    4 :    4 :   0.00%
Serial Communication Blocks   :    1 :    1 :    2 :  50.00%
Bluetooth Low Energy Blocks   :    1 :    0 :    1 : 100.00%
</CYPRESSTAG>
Technology Mapping: Elapsed time ==> 0s.031ms
Tech mapping phase: Elapsed time ==> 0s.072ms
</CYPRESSTAG>
<CYPRESSTAG name="Analog Placement">
<CYPRESSTAG name="Analog Placement">
Elapsed time ==> 0.0088517s
</CYPRESSTAG>
Analog Placement phase: Elapsed time ==> 0s.028ms
</CYPRESSTAG>
<CYPRESSTAG name="Analog Routing">
<CYPRESSTAG name="Analog Routing">
Route success=True, Iterations=1 Elapsed=0.0010938 secs
</CYPRESSTAG>
Analog Routing phase: Elapsed time ==> 0s.001ms
</CYPRESSTAG>
<CYPRESSTAG name="Analog Code Generation">
============ Analog Final Answer Routes ============
Dump of CyAnalogRoutingResultsDB
Map of net to items {
}
Map of item to net {
}
Mux Info {
}
Analog Code Generation phase: Elapsed time ==> 0s.108ms
</CYPRESSTAG>
<CYPRESSTAG name="Digital Placement">
<CYPRESSTAG name="Detailed placement messages">
I2659: No Constrained paths were found. The placer will run in non-timing driven mode.
I2076: Total run-time: 0.1 sec.

</CYPRESSTAG>
<CYPRESSTAG name="PLD Packing">
<CYPRESSTAG name="PLD Packing Summary">
No PLDs were packed.
</CYPRESSTAG>
PLD Packing: Elapsed time ==> 0s.001ms
</CYPRESSTAG>
<CYPRESSTAG name="Partitioning">
<CYPRESSTAG name="Initial Partitioning Summary">
Initial Partitioning Summary not displayed at this verbose level.</CYPRESSTAG>
<CYPRESSTAG name="Final Partitioning Summary">
Final Partitioning Summary not displayed at this verbose level.</CYPRESSTAG>
Partitioning: Elapsed time ==> 0s.011ms
</CYPRESSTAG>
<CYPRESSTAG name="Simulated Annealing">
Annealing: Elapsed time ==> 0s.001ms
<CYPRESSTAG name="Simulated Annealing Results">
The seed used for moves was 114161200.
Inital cost was 16, final cost is 16 (0.00% improvement).</CYPRESSTAG>
</CYPRESSTAG>
<CYPRESSTAG name="Final Placement Summary">

------------------------------------------------------------
Final Placement Summary
------------------------------------------------------------

       Resource Type :      Count : Avg Inputs : Avg Outputs
    ========================================================
                 UDB :          0 :       0.00 :       0.00
<CYPRESSTAG name="Final Placement Details">
<CYPRESSTAG name="Component Details">

------------------------------------------------------------
Component Placement Details
------------------------------------------------------------
UDB [UDB=(0,0)] is empty.
UDB [UDB=(0,1)] is empty.
UDB [UDB=(1,0)] is empty.
UDB [UDB=(1,1)] is empty.
Intr hod @ [IntrHod=(0)]: 
  Intr@ [IntrHod=(0)][IntrId=(12)] 
    interrupt: Name =\BLE:bless_isr\
        PORT MAP (
            interrupt => \BLE:Net_15\ );
        Properties:
        {
            int_type = "10"
        }
Port 0 is empty
Port 1 contains the following IO cells:
[IoId=4]: 
Pin : Name = \UART:rx(0)\
    Attributes:
        In Group/Port: True
        In Sync Option: NOSYNC
        Out Sync Option: AUTO
        Interrupt generated: False
        Interrupt mode: NONE
        Drive mode: HI_Z_DIGITAL
        VTrip: CMOS
        Slew: FAST
        Input Sync needed: False
        Output Sync needed: False
        SC shield enabled: False
        POR State: ANY
        LCD Mode: COMMON
        Register Mode: RegComb
        CaSense Mode: NEITHER
        Treat as pin: True
        Is OE Registered: False
        Uses Analog: False
        Can contain Digital: True
        Is SIO: False
        SIO Output Buf: NONREGULATED
        SIO Input Buf: SINGLE_ENDED
        SIO HiFreq: LOW
        SIO Hyst: DISABLED
        SIO Vtrip: MULTIPLIER_0_5
        SIO RefSel: VCC_IO
        Required Capabilitites: DIGITAL, SCB_UART_RX
        Initial Value: 0
        IO Voltage: 0
    PORT MAP (
        pa_out => \UART:rx(0)\__PA ,
        fb => \UART:Net_654\ ,
        pad => \UART:rx(0)_PAD\ );
    Properties:
    {
    }

[IoId=5]: 
Pin : Name = \UART:tx(0)\
    Attributes:
        In Group/Port: True
        In Sync Option: NOSYNC
        Out Sync Option: NOSYNC
        Interrupt generated: False
        Interrupt mode: NONE
        Drive mode: CMOS_OUT
        VTrip: CMOS
        Slew: FAST
        Input Sync needed: False
        Output Sync needed: False
        SC shield enabled: False
        POR State: ANY
        LCD Mode: COMMON
        Register Mode: RegComb
        CaSense Mode: NEITHER
        Treat as pin: True
        Is OE Registered: False
        Uses Analog: False
        Can contain Digital: True
        Is SIO: False
        SIO Output Buf: NONREGULATED
        SIO Input Buf: SINGLE_ENDED
        SIO HiFreq: LOW
        SIO Hyst: DISABLED
        SIO Vtrip: MULTIPLIER_0_5
        SIO RefSel: VCC_IO
        Required Capabilitites: DIGITAL, SCB_UART_TX
        Initial Value: 1
        IO Voltage: 0
    PORT MAP (
        pa_out => \UART:tx(0)\__PA ,
        input => \UART:Net_656\ ,
        pad => \UART:tx(0)_PAD\ );
    Properties:
    {
    }

Port 2 is empty
Port 3 is empty
Port 4 is empty
Port 5 is empty
Port 6 is empty
Clock group 0: 
    M0S8 Clock Block @ [FFB(Clock,0)]: 
    m0s8clockblockcell: Name =ClockBlock
        PORT MAP (
            dsi_in_0 => ClockBlock_Routed1 ,
            eco => ClockBlock_ECO ,
            wco => ClockBlock_WCO ,
            lfclk => ClockBlock_LFCLK ,
            ilo => ClockBlock_ILO ,
            sysclk => ClockBlock_SYSCLK ,
            ext => ClockBlock_EXTCLK ,
            imo => ClockBlock_IMO ,
            hfclk => ClockBlock_HFCLK ,
            ff_div_1 => \UART:Net_847_ff1\ );
        Properties:
        {
        }
PM group 0: empty
SPC group 0: empty
WDT group 0: empty
FSS group 0: empty
Serial Communication Block group 0: 
    Scb Block @ [FFB(SCB,0)]: 
    m0s8scbcell: Name =\UART:SCB\
        PORT MAP (
            clock => \UART:Net_847_ff1\ ,
            interrupt => Net_3183 ,
            rx => \UART:Net_654\ ,
            tx => \UART:Net_656\ ,
            rts => \UART:Net_751\ ,
            mosi_m => \UART:Net_660\ ,
            select_m_3 => \UART:ss_3\ ,
            select_m_2 => \UART:ss_2\ ,
            select_m_1 => \UART:ss_1\ ,
            select_m_0 => \UART:ss_0\ ,
            sclk_m => \UART:Net_687\ ,
            miso_s => \UART:Net_703\ ,
            tx_req => \UART:Net_823\ ,
            rx_req => \UART:Net_824\ );
        Properties:
        {
            cy_registers = ""
            scb_mode = 2
        }
CSD Fixed Block group 0: empty
TCPWM Block group 0: empty
Temperature Sensor group 0: empty
SAR Fixed Block group 0: empty
Segment LCD Block group 0: empty
CLK_GEN group 0: 
    M0S8 Clock Gen Block @ [FFB(CLK_GEN,0)]: 
    m0s8clockgenblockcell: Name =ClockGenBlock
        PORT MAP (
             );
        Properties:
        {
        }
LPCOMPBLOCK group 0: empty
CTBMBLOCK group 0: empty
ANAPUMP group 0: empty
Bluetooth Low Energy Block group 0: 
    P4 BLE Block @ [FFB(BLE,0)]: 
    p4blecell: Name =\BLE:cy_m0s8_ble\
        PORT MAP (
            interrupt => \BLE:Net_15\ );
        Properties:
        {
        }
GANGED_PICU group 0: empty
</CYPRESSTAG>
<CYPRESSTAG name="Port Configuration Details">

------------------------------------------------------------
Port Configuration report
------------------------------------------------------------
     |     |       | Interrupt |                  |              | 
Port | Pin | Fixed |      Type |       Drive Mode |         Name | Connections
-----+-----+-------+-----------+------------------+--------------+-------------------
   1 |   4 |     * |      NONE |     HI_Z_DIGITAL | \UART:rx(0)\ | FB(\UART:Net_654\)
     |   5 |     * |      NONE |         CMOS_OUT | \UART:tx(0)\ | In(\UART:Net_656\)
-------------------------------------------------------------------------------------
</CYPRESSTAG>
</CYPRESSTAG>
</CYPRESSTAG>
Digital component placer commit/Report: Elapsed time ==> 0s.000ms
Digital Placement phase: Elapsed time ==> 0s.346ms
</CYPRESSTAG>
<CYPRESSTAG name="Digital Routing">
Routing successful.
Digital Routing phase: Elapsed time ==> 0s.316ms
</CYPRESSTAG>
<CYPRESSTAG name="Bitstream and API generation">
Bitstream and API generation phase: Elapsed time ==> 0s.148ms
</CYPRESSTAG>
<CYPRESSTAG name="Bitstream verification">
Bitstream verification phase: Elapsed time ==> 0s.025ms
</CYPRESSTAG>
<CYPRESSTAG name="Static timing analysis">
Timing report is in Client and Server-Central_timing.html.
Static timing analysis phase: Elapsed time ==> 0s.136ms
</CYPRESSTAG>
<CYPRESSTAG name="Data reporting">
Data reporting phase: Elapsed time ==> 0s.000ms
</CYPRESSTAG>
<CYPRESSTAG name="Database update...">
Design database save phase: Elapsed time ==> 0s.158ms
</CYPRESSTAG>
cydsfit: Elapsed time ==> 1s.378ms
</CYPRESSTAG>
Fitter phase: Elapsed time ==> 1s.421ms
API generation phase: Elapsed time ==> 1s.055ms
Dependency generation phase: Elapsed time ==> 0s.013ms
Cleanup phase: Elapsed time ==> 0s.001ms
