ARM GAS  C:\Users\msuro\AppData\Local\Temp\cciZ5v6A.s 			page 1


   1              		.cpu cortex-m0
   2              		.fpu softvfp
   3              		.eabi_attribute 20, 1
   4              		.eabi_attribute 21, 1
   5              		.eabi_attribute 23, 3
   6              		.eabi_attribute 24, 1
   7              		.eabi_attribute 25, 1
   8              		.eabi_attribute 26, 1
   9              		.eabi_attribute 30, 6
  10              		.eabi_attribute 34, 0
  11              		.eabi_attribute 18, 4
  12              		.code	16
  13              		.file	"cyfitter_cfg.c"
  14              		.text
  15              	.Ltext0:
  16              		.cfi_sections	.debug_frame
  17              		.section	.text.CYMEMZERO,"ax",%progbits
  18              		.align	2
  19              		.code	16
  20              		.thumb_func
  21              		.type	CYMEMZERO, %function
  22              	CYMEMZERO:
  23              	.LFB2:
  24              		.file 1 ".\\Generated_Source\\PSoC4\\cyfitter_cfg.c"
   1:.\Generated_Source\PSoC4/cyfitter_cfg.c **** /*******************************************************************************
   2:.\Generated_Source\PSoC4/cyfitter_cfg.c **** * FILENAME: cyfitter_cfg.c
   3:.\Generated_Source\PSoC4/cyfitter_cfg.c **** * PSoC Creator  3.1 SP3
   4:.\Generated_Source\PSoC4/cyfitter_cfg.c **** *
   5:.\Generated_Source\PSoC4/cyfitter_cfg.c **** * Description:
   6:.\Generated_Source\PSoC4/cyfitter_cfg.c **** * This file is automatically generated by PSoC Creator with device 
   7:.\Generated_Source\PSoC4/cyfitter_cfg.c **** * initialization code.  Except for the user defined sections in
   8:.\Generated_Source\PSoC4/cyfitter_cfg.c **** * CyClockStartupError(), this file should not be modified.
   9:.\Generated_Source\PSoC4/cyfitter_cfg.c **** *
  10:.\Generated_Source\PSoC4/cyfitter_cfg.c **** ********************************************************************************
  11:.\Generated_Source\PSoC4/cyfitter_cfg.c **** * Copyright 2013, Cypress Semiconductor Corporation.  All rights reserved.
  12:.\Generated_Source\PSoC4/cyfitter_cfg.c **** * You may use this file only in accordance with the license, terms, conditions, 
  13:.\Generated_Source\PSoC4/cyfitter_cfg.c **** * disclaimers, and limitations in the end user license agreement accompanying 
  14:.\Generated_Source\PSoC4/cyfitter_cfg.c **** * the software package with which this file was provided.
  15:.\Generated_Source\PSoC4/cyfitter_cfg.c **** ********************************************************************************/
  16:.\Generated_Source\PSoC4/cyfitter_cfg.c **** 
  17:.\Generated_Source\PSoC4/cyfitter_cfg.c **** #include <string.h>
  18:.\Generated_Source\PSoC4/cyfitter_cfg.c **** #include <cytypes.h>
  19:.\Generated_Source\PSoC4/cyfitter_cfg.c **** #include <cydevice_trm.h>
  20:.\Generated_Source\PSoC4/cyfitter_cfg.c **** #include <cyfitter.h>
  21:.\Generated_Source\PSoC4/cyfitter_cfg.c **** #include <CyLib.h>
  22:.\Generated_Source\PSoC4/cyfitter_cfg.c **** #include <cyfitter_cfg.h>
  23:.\Generated_Source\PSoC4/cyfitter_cfg.c **** 
  24:.\Generated_Source\PSoC4/cyfitter_cfg.c **** 
  25:.\Generated_Source\PSoC4/cyfitter_cfg.c **** #if defined(__GNUC__) || defined(__ARMCC_VERSION)
  26:.\Generated_Source\PSoC4/cyfitter_cfg.c ****     #define CYPACKED 
  27:.\Generated_Source\PSoC4/cyfitter_cfg.c ****     #define CYPACKED_ATTR __attribute__ ((packed))
  28:.\Generated_Source\PSoC4/cyfitter_cfg.c ****     #define CYALIGNED __attribute__ ((aligned))
  29:.\Generated_Source\PSoC4/cyfitter_cfg.c ****     #define CY_CFG_UNUSED __attribute__ ((unused))
  30:.\Generated_Source\PSoC4/cyfitter_cfg.c ****     #define CY_CFG_SECTION __attribute__ ((section(".psocinit")))
  31:.\Generated_Source\PSoC4/cyfitter_cfg.c ****     
  32:.\Generated_Source\PSoC4/cyfitter_cfg.c ****     #if defined(__ARMCC_VERSION)
  33:.\Generated_Source\PSoC4/cyfitter_cfg.c ****         #define CY_CFG_MEMORY_BARRIER() __memory_changed()
ARM GAS  C:\Users\msuro\AppData\Local\Temp\cciZ5v6A.s 			page 2


  34:.\Generated_Source\PSoC4/cyfitter_cfg.c ****     #else
  35:.\Generated_Source\PSoC4/cyfitter_cfg.c ****         #define CY_CFG_MEMORY_BARRIER() __sync_synchronize()
  36:.\Generated_Source\PSoC4/cyfitter_cfg.c ****     #endif
  37:.\Generated_Source\PSoC4/cyfitter_cfg.c ****     
  38:.\Generated_Source\PSoC4/cyfitter_cfg.c **** #elif defined(__ICCARM__)
  39:.\Generated_Source\PSoC4/cyfitter_cfg.c ****     #include <intrinsics.h>
  40:.\Generated_Source\PSoC4/cyfitter_cfg.c **** 
  41:.\Generated_Source\PSoC4/cyfitter_cfg.c ****     #define CYPACKED __packed
  42:.\Generated_Source\PSoC4/cyfitter_cfg.c ****     #define CYPACKED_ATTR 
  43:.\Generated_Source\PSoC4/cyfitter_cfg.c ****     #define CYALIGNED _Pragma("data_alignment=4")
  44:.\Generated_Source\PSoC4/cyfitter_cfg.c ****     #define CY_CFG_UNUSED _Pragma("diag_suppress=Pe177")
  45:.\Generated_Source\PSoC4/cyfitter_cfg.c ****     #define CY_CFG_SECTION _Pragma("location=\".psocinit\"")
  46:.\Generated_Source\PSoC4/cyfitter_cfg.c ****     
  47:.\Generated_Source\PSoC4/cyfitter_cfg.c ****     #define CY_CFG_MEMORY_BARRIER() __DMB()
  48:.\Generated_Source\PSoC4/cyfitter_cfg.c ****     
  49:.\Generated_Source\PSoC4/cyfitter_cfg.c **** #else
  50:.\Generated_Source\PSoC4/cyfitter_cfg.c ****     #error Unsupported toolchain
  51:.\Generated_Source\PSoC4/cyfitter_cfg.c **** #endif
  52:.\Generated_Source\PSoC4/cyfitter_cfg.c **** 
  53:.\Generated_Source\PSoC4/cyfitter_cfg.c **** 
  54:.\Generated_Source\PSoC4/cyfitter_cfg.c **** CY_CFG_UNUSED
  55:.\Generated_Source\PSoC4/cyfitter_cfg.c **** static void CYMEMZERO(void *s, size_t n);
  56:.\Generated_Source\PSoC4/cyfitter_cfg.c **** CY_CFG_UNUSED
  57:.\Generated_Source\PSoC4/cyfitter_cfg.c **** static void CYMEMZERO(void *s, size_t n)
  58:.\Generated_Source\PSoC4/cyfitter_cfg.c **** {
  25              		.loc 1 58 0
  26              		.cfi_startproc
  27 0000 80B5     		push	{r7, lr}
  28              		.cfi_def_cfa_offset 8
  29              		.cfi_offset 7, -8
  30              		.cfi_offset 14, -4
  31 0002 82B0     		sub	sp, sp, #8
  32              		.cfi_def_cfa_offset 16
  33 0004 00AF     		add	r7, sp, #0
  34              		.cfi_def_cfa_register 7
  35 0006 7860     		str	r0, [r7, #4]
  36 0008 3960     		str	r1, [r7]
  59:.\Generated_Source\PSoC4/cyfitter_cfg.c **** 	(void)memset(s, 0, n);
  37              		.loc 1 59 0
  38 000a 7A68     		ldr	r2, [r7, #4]
  39 000c 3B68     		ldr	r3, [r7]
  40 000e 101C     		mov	r0, r2
  41 0010 0021     		mov	r1, #0
  42 0012 1A1C     		mov	r2, r3
  43 0014 FFF7FEFF 		bl	memset
  60:.\Generated_Source\PSoC4/cyfitter_cfg.c **** }
  44              		.loc 1 60 0
  45 0018 BD46     		mov	sp, r7
  46 001a 02B0     		add	sp, sp, #8
  47              		@ sp needed
  48 001c 80BD     		pop	{r7, pc}
  49              		.cfi_endproc
  50              	.LFE2:
  51              		.size	CYMEMZERO, .-CYMEMZERO
  52 001e C046     		.section	.text.CYCONFIGCPY,"ax",%progbits
  53              		.align	2
  54              		.code	16
ARM GAS  C:\Users\msuro\AppData\Local\Temp\cciZ5v6A.s 			page 3


  55              		.thumb_func
  56              		.type	CYCONFIGCPY, %function
  57              	CYCONFIGCPY:
  58              	.LFB3:
  61:.\Generated_Source\PSoC4/cyfitter_cfg.c **** CY_CFG_UNUSED
  62:.\Generated_Source\PSoC4/cyfitter_cfg.c **** static void CYCONFIGCPY(void *dest, const void *src, size_t n);
  63:.\Generated_Source\PSoC4/cyfitter_cfg.c **** CY_CFG_UNUSED
  64:.\Generated_Source\PSoC4/cyfitter_cfg.c **** static void CYCONFIGCPY(void *dest, const void *src, size_t n)
  65:.\Generated_Source\PSoC4/cyfitter_cfg.c **** {
  59              		.loc 1 65 0
  60              		.cfi_startproc
  61 0000 80B5     		push	{r7, lr}
  62              		.cfi_def_cfa_offset 8
  63              		.cfi_offset 7, -8
  64              		.cfi_offset 14, -4
  65 0002 84B0     		sub	sp, sp, #16
  66              		.cfi_def_cfa_offset 24
  67 0004 00AF     		add	r7, sp, #0
  68              		.cfi_def_cfa_register 7
  69 0006 F860     		str	r0, [r7, #12]
  70 0008 B960     		str	r1, [r7, #8]
  71 000a 7A60     		str	r2, [r7, #4]
  66:.\Generated_Source\PSoC4/cyfitter_cfg.c **** 	(void)memcpy(dest, src, n);
  72              		.loc 1 66 0
  73 000c F968     		ldr	r1, [r7, #12]
  74 000e BA68     		ldr	r2, [r7, #8]
  75 0010 7B68     		ldr	r3, [r7, #4]
  76 0012 081C     		mov	r0, r1
  77 0014 111C     		mov	r1, r2
  78 0016 1A1C     		mov	r2, r3
  79 0018 FFF7FEFF 		bl	memcpy
  67:.\Generated_Source\PSoC4/cyfitter_cfg.c **** }
  80              		.loc 1 67 0
  81 001c BD46     		mov	sp, r7
  82 001e 04B0     		add	sp, sp, #16
  83              		@ sp needed
  84 0020 80BD     		pop	{r7, pc}
  85              		.cfi_endproc
  86              	.LFE3:
  87              		.size	CYCONFIGCPY, .-CYCONFIGCPY
  88 0022 C046     		.section	.text.CYCONFIGCPYCODE,"ax",%progbits
  89              		.align	2
  90              		.code	16
  91              		.thumb_func
  92              		.type	CYCONFIGCPYCODE, %function
  93              	CYCONFIGCPYCODE:
  94              	.LFB4:
  68:.\Generated_Source\PSoC4/cyfitter_cfg.c **** CY_CFG_UNUSED
  69:.\Generated_Source\PSoC4/cyfitter_cfg.c **** static void CYCONFIGCPYCODE(void *dest, const void *src, size_t n);
  70:.\Generated_Source\PSoC4/cyfitter_cfg.c **** CY_CFG_UNUSED
  71:.\Generated_Source\PSoC4/cyfitter_cfg.c **** static void CYCONFIGCPYCODE(void *dest, const void *src, size_t n)
  72:.\Generated_Source\PSoC4/cyfitter_cfg.c **** {
  95              		.loc 1 72 0
  96              		.cfi_startproc
  97 0000 80B5     		push	{r7, lr}
  98              		.cfi_def_cfa_offset 8
  99              		.cfi_offset 7, -8
ARM GAS  C:\Users\msuro\AppData\Local\Temp\cciZ5v6A.s 			page 4


 100              		.cfi_offset 14, -4
 101 0002 84B0     		sub	sp, sp, #16
 102              		.cfi_def_cfa_offset 24
 103 0004 00AF     		add	r7, sp, #0
 104              		.cfi_def_cfa_register 7
 105 0006 F860     		str	r0, [r7, #12]
 106 0008 B960     		str	r1, [r7, #8]
 107 000a 7A60     		str	r2, [r7, #4]
  73:.\Generated_Source\PSoC4/cyfitter_cfg.c **** 	(void)memcpy(dest, src, n);
 108              		.loc 1 73 0
 109 000c F968     		ldr	r1, [r7, #12]
 110 000e BA68     		ldr	r2, [r7, #8]
 111 0010 7B68     		ldr	r3, [r7, #4]
 112 0012 081C     		mov	r0, r1
 113 0014 111C     		mov	r1, r2
 114 0016 1A1C     		mov	r2, r3
 115 0018 FFF7FEFF 		bl	memcpy
  74:.\Generated_Source\PSoC4/cyfitter_cfg.c **** }
 116              		.loc 1 74 0
 117 001c BD46     		mov	sp, r7
 118 001e 04B0     		add	sp, sp, #16
 119              		@ sp needed
 120 0020 80BD     		pop	{r7, pc}
 121              		.cfi_endproc
 122              	.LFE4:
 123              		.size	CYCONFIGCPYCODE, .-CYCONFIGCPYCODE
 124 0022 C046     		.section	.psocinit,"ax",%progbits
 125              		.align	2
 126              		.code	16
 127              		.thumb_func
 128              		.type	SetIMOBGTrims, %function
 129              	SetIMOBGTrims:
 130              	.LFB5:
  75:.\Generated_Source\PSoC4/cyfitter_cfg.c **** 
  76:.\Generated_Source\PSoC4/cyfitter_cfg.c **** 
  77:.\Generated_Source\PSoC4/cyfitter_cfg.c **** 
  78:.\Generated_Source\PSoC4/cyfitter_cfg.c **** /* Clock startup error codes                                                   */
  79:.\Generated_Source\PSoC4/cyfitter_cfg.c **** #define CYCLOCKSTART_NO_ERROR    0u
  80:.\Generated_Source\PSoC4/cyfitter_cfg.c **** #define CYCLOCKSTART_XTAL_ERROR  1u
  81:.\Generated_Source\PSoC4/cyfitter_cfg.c **** #define CYCLOCKSTART_32KHZ_ERROR 2u
  82:.\Generated_Source\PSoC4/cyfitter_cfg.c **** #define CYCLOCKSTART_PLL_ERROR   3u
  83:.\Generated_Source\PSoC4/cyfitter_cfg.c **** 
  84:.\Generated_Source\PSoC4/cyfitter_cfg.c **** #ifdef CY_NEED_CYCLOCKSTARTUPERROR
  85:.\Generated_Source\PSoC4/cyfitter_cfg.c **** /*******************************************************************************
  86:.\Generated_Source\PSoC4/cyfitter_cfg.c **** * Function Name: CyClockStartupError
  87:.\Generated_Source\PSoC4/cyfitter_cfg.c **** ********************************************************************************
  88:.\Generated_Source\PSoC4/cyfitter_cfg.c **** * Summary:
  89:.\Generated_Source\PSoC4/cyfitter_cfg.c **** *  If an error is encountered during clock configuration (crystal startup error,
  90:.\Generated_Source\PSoC4/cyfitter_cfg.c **** *  PLL lock error, etc.), the system will end up here.  Unless reimplemented by
  91:.\Generated_Source\PSoC4/cyfitter_cfg.c **** *  the customer, this function will stop in an infinite loop.
  92:.\Generated_Source\PSoC4/cyfitter_cfg.c **** *
  93:.\Generated_Source\PSoC4/cyfitter_cfg.c **** * Parameters:
  94:.\Generated_Source\PSoC4/cyfitter_cfg.c **** *   void
  95:.\Generated_Source\PSoC4/cyfitter_cfg.c **** *
  96:.\Generated_Source\PSoC4/cyfitter_cfg.c **** * Return:
  97:.\Generated_Source\PSoC4/cyfitter_cfg.c **** *   void
  98:.\Generated_Source\PSoC4/cyfitter_cfg.c **** *
ARM GAS  C:\Users\msuro\AppData\Local\Temp\cciZ5v6A.s 			page 5


  99:.\Generated_Source\PSoC4/cyfitter_cfg.c **** *******************************************************************************/
 100:.\Generated_Source\PSoC4/cyfitter_cfg.c **** CY_CFG_UNUSED
 101:.\Generated_Source\PSoC4/cyfitter_cfg.c **** static void CyClockStartupError(uint8 errorCode);
 102:.\Generated_Source\PSoC4/cyfitter_cfg.c **** CY_CFG_UNUSED
 103:.\Generated_Source\PSoC4/cyfitter_cfg.c **** static void CyClockStartupError(uint8 errorCode)
 104:.\Generated_Source\PSoC4/cyfitter_cfg.c **** {
 105:.\Generated_Source\PSoC4/cyfitter_cfg.c ****     /* To remove the compiler warning if errorCode not used.                */
 106:.\Generated_Source\PSoC4/cyfitter_cfg.c ****     errorCode = errorCode;
 107:.\Generated_Source\PSoC4/cyfitter_cfg.c **** 
 108:.\Generated_Source\PSoC4/cyfitter_cfg.c ****     /* `#START CyClockStartupError` */
 109:.\Generated_Source\PSoC4/cyfitter_cfg.c **** 
 110:.\Generated_Source\PSoC4/cyfitter_cfg.c ****     /* If we have a clock startup error (bad MHz crystal, PLL lock, etc.),  */
 111:.\Generated_Source\PSoC4/cyfitter_cfg.c ****     /* we will end up here to allow the customer to implement something to  */
 112:.\Generated_Source\PSoC4/cyfitter_cfg.c ****     /* deal with the clock condition.                                       */
 113:.\Generated_Source\PSoC4/cyfitter_cfg.c **** 
 114:.\Generated_Source\PSoC4/cyfitter_cfg.c ****     /* `#END` */
 115:.\Generated_Source\PSoC4/cyfitter_cfg.c **** 
 116:.\Generated_Source\PSoC4/cyfitter_cfg.c ****     /* If nothing else, stop here since the clocks have not started         */
 117:.\Generated_Source\PSoC4/cyfitter_cfg.c ****     /* correctly.                                                           */
 118:.\Generated_Source\PSoC4/cyfitter_cfg.c ****     while(1) {}
 119:.\Generated_Source\PSoC4/cyfitter_cfg.c **** }
 120:.\Generated_Source\PSoC4/cyfitter_cfg.c **** #endif
 121:.\Generated_Source\PSoC4/cyfitter_cfg.c **** 
 122:.\Generated_Source\PSoC4/cyfitter_cfg.c **** 
 123:.\Generated_Source\PSoC4/cyfitter_cfg.c **** /*******************************************************************************
 124:.\Generated_Source\PSoC4/cyfitter_cfg.c **** * Function Name: SetIMOBGTrims
 125:.\Generated_Source\PSoC4/cyfitter_cfg.c **** ********************************************************************************
 126:.\Generated_Source\PSoC4/cyfitter_cfg.c **** *
 127:.\Generated_Source\PSoC4/cyfitter_cfg.c **** * Summary:
 128:.\Generated_Source\PSoC4/cyfitter_cfg.c **** *   Performs the configuration of the bandgap trim for the IMO based on the given
 129:.\Generated_Source\PSoC4/cyfitter_cfg.c **** *   expected frequency of the IMO. 
 130:.\Generated_Source\PSoC4/cyfitter_cfg.c **** *
 131:.\Generated_Source\PSoC4/cyfitter_cfg.c **** * Parameters:
 132:.\Generated_Source\PSoC4/cyfitter_cfg.c **** *   imoFreq: Frequency for operation of the IMO.
 133:.\Generated_Source\PSoC4/cyfitter_cfg.c **** *
 134:.\Generated_Source\PSoC4/cyfitter_cfg.c **** * Return:
 135:.\Generated_Source\PSoC4/cyfitter_cfg.c **** *   void
 136:.\Generated_Source\PSoC4/cyfitter_cfg.c **** *
 137:.\Generated_Source\PSoC4/cyfitter_cfg.c **** *******************************************************************************/
 138:.\Generated_Source\PSoC4/cyfitter_cfg.c **** static void SetIMOBGTrims(uint8 imoFreq);
 139:.\Generated_Source\PSoC4/cyfitter_cfg.c **** CY_CFG_SECTION
 140:.\Generated_Source\PSoC4/cyfitter_cfg.c **** static void SetIMOBGTrims(uint8 imoFreq)
 141:.\Generated_Source\PSoC4/cyfitter_cfg.c **** {
 131              		.loc 1 141 0
 132              		.cfi_startproc
 133 0000 80B5     		push	{r7, lr}
 134              		.cfi_def_cfa_offset 8
 135              		.cfi_offset 7, -8
 136              		.cfi_offset 14, -4
 137 0002 84B0     		sub	sp, sp, #16
 138              		.cfi_def_cfa_offset 24
 139 0004 00AF     		add	r7, sp, #0
 140              		.cfi_def_cfa_register 7
 141 0006 021C     		mov	r2, r0
 142 0008 FB1D     		add	r3, r7, #7
 143 000a 1A70     		strb	r2, [r3]
 142:.\Generated_Source\PSoC4/cyfitter_cfg.c **** 	CYPACKED typedef struct {
ARM GAS  C:\Users\msuro\AppData\Local\Temp\cciZ5v6A.s 			page 6


 143:.\Generated_Source\PSoC4/cyfitter_cfg.c **** 		uint8 freq;
 144:.\Generated_Source\PSoC4/cyfitter_cfg.c **** 		uint8 absolute;
 145:.\Generated_Source\PSoC4/cyfitter_cfg.c **** 		uint8 tmpco;
 146:.\Generated_Source\PSoC4/cyfitter_cfg.c **** 	} CYPACKED_ATTR imo_trim_entry_t;
 147:.\Generated_Source\PSoC4/cyfitter_cfg.c **** 
 148:.\Generated_Source\PSoC4/cyfitter_cfg.c **** 	CYPACKED typedef struct {
 149:.\Generated_Source\PSoC4/cyfitter_cfg.c **** 		imo_trim_entry_t entries[4];
 150:.\Generated_Source\PSoC4/cyfitter_cfg.c **** 	} CYPACKED_ATTR imo_trim_table_t;
 151:.\Generated_Source\PSoC4/cyfitter_cfg.c **** 
 152:.\Generated_Source\PSoC4/cyfitter_cfg.c **** 	static const imo_trim_table_t *imo_trim_table = (const imo_trim_table_t *)CYREG_SFLASH_IMO_MAXF0;
 153:.\Generated_Source\PSoC4/cyfitter_cfg.c **** 	static const uint32 IMO_TRIM_FREQ_TABLE_ENTRIES = sizeof(imo_trim_table->entries)/sizeof(imo_trim_
 154:.\Generated_Source\PSoC4/cyfitter_cfg.c **** 
 155:.\Generated_Source\PSoC4/cyfitter_cfg.c **** 	int32 imoTrimIndex;
 156:.\Generated_Source\PSoC4/cyfitter_cfg.c **** 	uint8 setAbs;
 157:.\Generated_Source\PSoC4/cyfitter_cfg.c **** 	uint8 setTmpCo;
 158:.\Generated_Source\PSoC4/cyfitter_cfg.c **** 
 159:.\Generated_Source\PSoC4/cyfitter_cfg.c **** 	/* Traverse the SFLASH IMO frequency-dependent bandgap trim table to
 160:.\Generated_Source\PSoC4/cyfitter_cfg.c **** 	 * locate the appropriate value to trim the IMO bandgap based on freq. */
 161:.\Generated_Source\PSoC4/cyfitter_cfg.c **** 	setAbs = CY_GET_REG8((const void *)CYREG_SFLASH_IMO_ABS4);
 144              		.loc 1 161 0
 145 000c 204A     		ldr	r2, .L8
 146 000e 3B1C     		mov	r3, r7
 147 0010 0B33     		add	r3, r3, #11
 148 0012 1278     		ldrb	r2, [r2]
 149 0014 1A70     		strb	r2, [r3]
 162:.\Generated_Source\PSoC4/cyfitter_cfg.c **** 	setTmpCo = CY_GET_REG8((const void *)CYREG_SFLASH_IMO_TMPCO4);
 150              		.loc 1 162 0
 151 0016 1F4A     		ldr	r2, .L8+4
 152 0018 3B1C     		mov	r3, r7
 153 001a 0A33     		add	r3, r3, #10
 154 001c 1278     		ldrb	r2, [r2]
 155 001e 1A70     		strb	r2, [r3]
 163:.\Generated_Source\PSoC4/cyfitter_cfg.c **** 	for (imoTrimIndex = ((int32)IMO_TRIM_FREQ_TABLE_ENTRIES)-1;
 156              		.loc 1 163 0
 157 0020 0423     		mov	r3, #4
 158 0022 013B     		sub	r3, r3, #1
 159 0024 FB60     		str	r3, [r7, #12]
 160 0026 18E0     		b	.L5
 161              	.L7:
 164:.\Generated_Source\PSoC4/cyfitter_cfg.c **** 	     (imoTrimIndex >= 0) && (imoFreq <= imo_trim_table->entries[imoTrimIndex].freq);
 165:.\Generated_Source\PSoC4/cyfitter_cfg.c **** 	     imoTrimIndex--)
 166:.\Generated_Source\PSoC4/cyfitter_cfg.c **** 	{
 167:.\Generated_Source\PSoC4/cyfitter_cfg.c **** 		setAbs = imo_trim_table->entries[imoTrimIndex].absolute;
 162              		.loc 1 167 0
 163 0028 1B4B     		ldr	r3, .L8+8
 164 002a 1868     		ldr	r0, [r3]
 165 002c 391C     		mov	r1, r7
 166 002e 0B31     		add	r1, r1, #11
 167 0030 FA68     		ldr	r2, [r7, #12]
 168 0032 131C     		mov	r3, r2
 169 0034 5B00     		lsl	r3, r3, #1
 170 0036 9B18     		add	r3, r3, r2
 171 0038 C318     		add	r3, r0, r3
 172 003a 5B78     		ldrb	r3, [r3, #1]
 173 003c 0B70     		strb	r3, [r1]
 168:.\Generated_Source\PSoC4/cyfitter_cfg.c **** 		setTmpCo = imo_trim_table->entries[imoTrimIndex].tmpco;
 174              		.loc 1 168 0
ARM GAS  C:\Users\msuro\AppData\Local\Temp\cciZ5v6A.s 			page 7


 175 003e 164B     		ldr	r3, .L8+8
 176 0040 1868     		ldr	r0, [r3]
 177 0042 391C     		mov	r1, r7
 178 0044 0A31     		add	r1, r1, #10
 179 0046 FA68     		ldr	r2, [r7, #12]
 180 0048 131C     		mov	r3, r2
 181 004a 5B00     		lsl	r3, r3, #1
 182 004c 9B18     		add	r3, r3, r2
 183 004e C318     		add	r3, r0, r3
 184 0050 9B78     		ldrb	r3, [r3, #2]
 185 0052 0B70     		strb	r3, [r1]
 165:.\Generated_Source\PSoC4/cyfitter_cfg.c **** 	     imoTrimIndex--)
 186              		.loc 1 165 0
 187 0054 FB68     		ldr	r3, [r7, #12]
 188 0056 013B     		sub	r3, r3, #1
 189 0058 FB60     		str	r3, [r7, #12]
 190              	.L5:
 163:.\Generated_Source\PSoC4/cyfitter_cfg.c **** 	for (imoTrimIndex = ((int32)IMO_TRIM_FREQ_TABLE_ENTRIES)-1;
 191              		.loc 1 163 0 discriminator 1
 192 005a FB68     		ldr	r3, [r7, #12]
 193 005c 002B     		cmp	r3, #0
 194 005e 0ADB     		blt	.L6
 164:.\Generated_Source\PSoC4/cyfitter_cfg.c **** 	     (imoTrimIndex >= 0) && (imoFreq <= imo_trim_table->entries[imoTrimIndex].freq);
 195              		.loc 1 164 0
 196 0060 0D4B     		ldr	r3, .L8+8
 197 0062 1968     		ldr	r1, [r3]
 198 0064 FA68     		ldr	r2, [r7, #12]
 199 0066 131C     		mov	r3, r2
 200 0068 5B00     		lsl	r3, r3, #1
 201 006a 9B18     		add	r3, r3, r2
 202 006c 5B5C     		ldrb	r3, [r3, r1]
 203 006e FA1D     		add	r2, r7, #7
 204 0070 1278     		ldrb	r2, [r2]
 205 0072 9A42     		cmp	r2, r3
 206 0074 D8D9     		bls	.L7
 207              	.L6:
 169:.\Generated_Source\PSoC4/cyfitter_cfg.c **** 	}
 170:.\Generated_Source\PSoC4/cyfitter_cfg.c **** 
 171:.\Generated_Source\PSoC4/cyfitter_cfg.c **** 	CY_SET_REG32((void *)CYREG_PWR_BG_TRIM4, setAbs);
 208              		.loc 1 171 0
 209 0076 094B     		ldr	r3, .L8+12
 210 0078 3A1C     		mov	r2, r7
 211 007a 0B32     		add	r2, r2, #11
 212 007c 1278     		ldrb	r2, [r2]
 213 007e 1A60     		str	r2, [r3]
 172:.\Generated_Source\PSoC4/cyfitter_cfg.c **** 	CY_SET_REG32((void *)CYREG_PWR_BG_TRIM5, setTmpCo);
 214              		.loc 1 172 0
 215 0080 074B     		ldr	r3, .L8+16
 216 0082 3A1C     		mov	r2, r7
 217 0084 0A32     		add	r2, r2, #10
 218 0086 1278     		ldrb	r2, [r2]
 219 0088 1A60     		str	r2, [r3]
 173:.\Generated_Source\PSoC4/cyfitter_cfg.c **** }
 220              		.loc 1 173 0
 221 008a BD46     		mov	sp, r7
 222 008c 04B0     		add	sp, sp, #16
 223              		@ sp needed
ARM GAS  C:\Users\msuro\AppData\Local\Temp\cciZ5v6A.s 			page 8


 224 008e 80BD     		pop	{r7, pc}
 225              	.L9:
 226              		.align	2
 227              	.L8:
 228 0090 CCF1FF0F 		.word	268431820
 229 0094 CDF1FF0F 		.word	268431821
 230 0098 00000000 		.word	imo_trim_table.4717
 231 009c 1CFF0B40 		.word	1074528028
 232 00a0 20FF0B40 		.word	1074528032
 233              		.cfi_endproc
 234              	.LFE5:
 235              		.size	SetIMOBGTrims, .-SetIMOBGTrims
 236              		.align	2
 237              		.code	16
 238              		.thumb_func
 239              		.type	ClockSetup, %function
 240              	ClockSetup:
 241              	.LFB6:
 174:.\Generated_Source\PSoC4/cyfitter_cfg.c **** 
 175:.\Generated_Source\PSoC4/cyfitter_cfg.c **** 
 176:.\Generated_Source\PSoC4/cyfitter_cfg.c **** 
 177:.\Generated_Source\PSoC4/cyfitter_cfg.c **** /*******************************************************************************
 178:.\Generated_Source\PSoC4/cyfitter_cfg.c **** * Function Name: ClockSetup
 179:.\Generated_Source\PSoC4/cyfitter_cfg.c **** ********************************************************************************
 180:.\Generated_Source\PSoC4/cyfitter_cfg.c **** *
 181:.\Generated_Source\PSoC4/cyfitter_cfg.c **** * Summary:
 182:.\Generated_Source\PSoC4/cyfitter_cfg.c **** *   Performs the initialization of all of the clocks in the device based on the
 183:.\Generated_Source\PSoC4/cyfitter_cfg.c **** *   settings in the Clock tab of the DWR.  This includes enabling the requested
 184:.\Generated_Source\PSoC4/cyfitter_cfg.c **** *   clocks and setting the necessary dividers to produce the desired frequency. 
 185:.\Generated_Source\PSoC4/cyfitter_cfg.c **** *
 186:.\Generated_Source\PSoC4/cyfitter_cfg.c **** * Parameters:
 187:.\Generated_Source\PSoC4/cyfitter_cfg.c **** *   void
 188:.\Generated_Source\PSoC4/cyfitter_cfg.c **** *
 189:.\Generated_Source\PSoC4/cyfitter_cfg.c **** * Return:
 190:.\Generated_Source\PSoC4/cyfitter_cfg.c **** *   void
 191:.\Generated_Source\PSoC4/cyfitter_cfg.c **** *
 192:.\Generated_Source\PSoC4/cyfitter_cfg.c **** *******************************************************************************/
 193:.\Generated_Source\PSoC4/cyfitter_cfg.c **** static void ClockSetup(void);
 194:.\Generated_Source\PSoC4/cyfitter_cfg.c **** CY_CFG_SECTION
 195:.\Generated_Source\PSoC4/cyfitter_cfg.c **** static void ClockSetup(void)
 196:.\Generated_Source\PSoC4/cyfitter_cfg.c **** {
 242              		.loc 1 196 0
 243              		.cfi_startproc
 244 00a4 80B5     		push	{r7, lr}
 245              		.cfi_def_cfa_offset 8
 246              		.cfi_offset 7, -8
 247              		.cfi_offset 14, -4
 248 00a6 00AF     		add	r7, sp, #0
 249              		.cfi_def_cfa_register 7
 197:.\Generated_Source\PSoC4/cyfitter_cfg.c **** 
 198:.\Generated_Source\PSoC4/cyfitter_cfg.c **** 	/* Set Flash Cycles based on max possible frequency in case a glitch occurs during ClockSetup(). *
 199:.\Generated_Source\PSoC4/cyfitter_cfg.c **** 	CY_SET_REG32((void CYXDATA *)(CYREG_CPUSS_FLASH_CTL), (0x0012u));
 250              		.loc 1 199 0
 251 00a8 234B     		ldr	r3, .L11
 252 00aa 1222     		mov	r2, #18
 253 00ac 1A60     		str	r2, [r3]
 200:.\Generated_Source\PSoC4/cyfitter_cfg.c **** 	/* Trim IMO BG based on desired frequency. */
ARM GAS  C:\Users\msuro\AppData\Local\Temp\cciZ5v6A.s 			page 9


 201:.\Generated_Source\PSoC4/cyfitter_cfg.c **** 	SetIMOBGTrims(48u);
 254              		.loc 1 201 0
 255 00ae 3020     		mov	r0, #48
 256 00b0 FFF7A6FF 		bl	SetIMOBGTrims
 202:.\Generated_Source\PSoC4/cyfitter_cfg.c **** 
 203:.\Generated_Source\PSoC4/cyfitter_cfg.c **** 	/* Going faster than 24MHz, so update trim value then adjust to new clock speed. */
 204:.\Generated_Source\PSoC4/cyfitter_cfg.c **** 	CY_SET_REG32((void CYXDATA *)(CYREG_CLK_IMO_TRIM1), (CY_GET_REG8((void *)CYREG_SFLASH_IMO_TRIM45))
 257              		.loc 1 204 0
 258 00b4 214B     		ldr	r3, .L11+4
 259 00b6 224A     		ldr	r2, .L11+8
 260 00b8 1278     		ldrb	r2, [r2]
 261 00ba D2B2     		uxtb	r2, r2
 262 00bc 1A60     		str	r2, [r3]
 205:.\Generated_Source\PSoC4/cyfitter_cfg.c **** 	CyDelayUs(5u);
 263              		.loc 1 205 0
 264 00be 0520     		mov	r0, #5
 265 00c0 FFF7FEFF 		bl	CyDelayUs
 206:.\Generated_Source\PSoC4/cyfitter_cfg.c **** 	CY_SET_REG32((void CYXDATA *)(CYREG_CLK_IMO_TRIM2), (53u));
 266              		.loc 1 206 0
 267 00c4 1F4B     		ldr	r3, .L11+12
 268 00c6 3522     		mov	r2, #53
 269 00c8 1A60     		str	r2, [r3]
 207:.\Generated_Source\PSoC4/cyfitter_cfg.c **** 
 208:.\Generated_Source\PSoC4/cyfitter_cfg.c **** 	/* Start the WCO */
 209:.\Generated_Source\PSoC4/cyfitter_cfg.c **** 	CySysClkWcoStart();
 270              		.loc 1 209 0
 271 00ca FFF7FEFF 		bl	CySysClkWcoStart
 210:.\Generated_Source\PSoC4/cyfitter_cfg.c **** 	CyDelay(500u); /* WCO may take up to 500ms to start */
 272              		.loc 1 210 0
 273 00ce FA23     		mov	r3, #250
 274 00d0 5B00     		lsl	r3, r3, #1
 275 00d2 181C     		mov	r0, r3
 276 00d4 FFF7FEFF 		bl	CyDelay
 211:.\Generated_Source\PSoC4/cyfitter_cfg.c **** 	(void)CySysClkWcoSetPowerMode(CY_SYS_CLK_WCO_LPM);    /* Switch to the low power mode */
 277              		.loc 1 211 0
 278 00d8 0120     		mov	r0, #1
 279 00da FFF7FEFF 		bl	CySysClkWcoSetPowerMode
 212:.\Generated_Source\PSoC4/cyfitter_cfg.c **** 	/* CYDEV_CLK_ILO_CONFIG Starting address: CYDEV_CLK_ILO_CONFIG */
 213:.\Generated_Source\PSoC4/cyfitter_cfg.c **** 	CY_SET_XTND_REG32((void CYFAR *)(CYREG_CLK_ILO_CONFIG), 0x80000006u);
 280              		.loc 1 213 0
 281 00de 1A4B     		ldr	r3, .L11+16
 282 00e0 1A4A     		ldr	r2, .L11+20
 283 00e2 1A60     		str	r2, [r3]
 214:.\Generated_Source\PSoC4/cyfitter_cfg.c **** 
 215:.\Generated_Source\PSoC4/cyfitter_cfg.c **** 	/* CYDEV_WDT_CONFIG Starting address: CYDEV_WDT_CONFIG */
 216:.\Generated_Source\PSoC4/cyfitter_cfg.c **** 	CY_SET_XTND_REG32((void CYFAR *)(CYREG_WDT_CONFIG), 0x40000000u);
 284              		.loc 1 216 0
 285 00e4 1A4B     		ldr	r3, .L11+24
 286 00e6 8022     		mov	r2, #128
 287 00e8 D205     		lsl	r2, r2, #23
 288 00ea 1A60     		str	r2, [r3]
 217:.\Generated_Source\PSoC4/cyfitter_cfg.c **** 
 218:.\Generated_Source\PSoC4/cyfitter_cfg.c **** 
 219:.\Generated_Source\PSoC4/cyfitter_cfg.c **** 	CY_SET_XTND_REG32((void CYFAR *)(CYREG_BLE_BLERD_BB_XO_CAPTRIM), 0x00002D6Au);
 289              		.loc 1 219 0
 290 00ec 194B     		ldr	r3, .L11+28
 291 00ee 1A4A     		ldr	r2, .L11+32
ARM GAS  C:\Users\msuro\AppData\Local\Temp\cciZ5v6A.s 			page 10


 292 00f0 1A60     		str	r2, [r3]
 220:.\Generated_Source\PSoC4/cyfitter_cfg.c **** 	/* Disable Crystal Stable Interrupt before enabling ECO */
 221:.\Generated_Source\PSoC4/cyfitter_cfg.c **** 	CY_SET_REG32((void*)CYREG_BLE_BLESS_LL_DSM_CTRL, CY_GET_REG32((void*)CYREG_BLE_BLESS_LL_DSM_CTRL) 
 293              		.loc 1 221 0
 294 00f2 1A4B     		ldr	r3, .L11+36
 295 00f4 194A     		ldr	r2, .L11+36
 296 00f6 1268     		ldr	r2, [r2]
 297 00f8 0821     		mov	r1, #8
 298 00fa 8A43     		bic	r2, r1
 299 00fc 1A60     		str	r2, [r3]
 222:.\Generated_Source\PSoC4/cyfitter_cfg.c **** 	/* Start the ECO and do not check status since it is not needed for HFCLK */
 223:.\Generated_Source\PSoC4/cyfitter_cfg.c **** 	(void)CySysClkEcoStart(2000u);
 300              		.loc 1 223 0
 301 00fe FA23     		mov	r3, #250
 302 0100 DB00     		lsl	r3, r3, #3
 303 0102 181C     		mov	r0, r3
 304 0104 FFF7FEFF 		bl	CySysClkEcoStart
 224:.\Generated_Source\PSoC4/cyfitter_cfg.c **** 	CyDelayUs(1500u); /* Wait to stabalize */
 305              		.loc 1 224 0
 306 0108 154B     		ldr	r3, .L11+40
 307 010a 181C     		mov	r0, r3
 308 010c FFF7FEFF 		bl	CyDelayUs
 225:.\Generated_Source\PSoC4/cyfitter_cfg.c **** 
 226:.\Generated_Source\PSoC4/cyfitter_cfg.c **** 	/* Setup phase aligned clocks */
 227:.\Generated_Source\PSoC4/cyfitter_cfg.c **** 	CY_SET_REG32((void *)CYREG_PERI_DIV_16_CTL00, 0x00002200u);
 309              		.loc 1 227 0
 310 0110 144B     		ldr	r3, .L11+44
 311 0112 8822     		mov	r2, #136
 312 0114 9201     		lsl	r2, r2, #6
 313 0116 1A60     		str	r2, [r3]
 228:.\Generated_Source\PSoC4/cyfitter_cfg.c **** 	CY_SET_REG32((void *)CYREG_PERI_DIV_CMD, 0x8000FF40u);
 314              		.loc 1 228 0
 315 0118 134B     		ldr	r3, .L11+48
 316 011a 144A     		ldr	r2, .L11+52
 317 011c 1A60     		str	r2, [r3]
 229:.\Generated_Source\PSoC4/cyfitter_cfg.c **** 
 230:.\Generated_Source\PSoC4/cyfitter_cfg.c **** 	/* CYDEV_CLK_IMO_CONFIG Starting address: CYDEV_CLK_IMO_CONFIG */
 231:.\Generated_Source\PSoC4/cyfitter_cfg.c **** 	CY_SET_XTND_REG32((void CYFAR *)(CYREG_CLK_IMO_CONFIG), 0x80000000u);
 318              		.loc 1 231 0
 319 011e 144B     		ldr	r3, .L11+56
 320 0120 8022     		mov	r2, #128
 321 0122 1206     		lsl	r2, r2, #24
 322 0124 1A60     		str	r2, [r3]
 232:.\Generated_Source\PSoC4/cyfitter_cfg.c **** 
 233:.\Generated_Source\PSoC4/cyfitter_cfg.c **** 	/* CYDEV_CLK_SELECT Starting address: CYDEV_CLK_SELECT */
 234:.\Generated_Source\PSoC4/cyfitter_cfg.c **** 	CY_SET_XTND_REG32((void CYFAR *)(CYREG_CLK_SELECT), 0x00040000u);
 323              		.loc 1 234 0
 324 0126 134B     		ldr	r3, .L11+60
 325 0128 8022     		mov	r2, #128
 326 012a D202     		lsl	r2, r2, #11
 327 012c 1A60     		str	r2, [r3]
 235:.\Generated_Source\PSoC4/cyfitter_cfg.c **** 
 236:.\Generated_Source\PSoC4/cyfitter_cfg.c **** 	/* CYDEV_PERI_PCLK_CTL01 Starting address: CYDEV_PERI_PCLK_CTL01 */
 237:.\Generated_Source\PSoC4/cyfitter_cfg.c **** 	CY_SET_XTND_REG32((void CYFAR *)(CYREG_PERI_PCLK_CTL01), 0x00000040u);
 328              		.loc 1 237 0
 329 012e 124B     		ldr	r3, .L11+64
 330 0130 4022     		mov	r2, #64
ARM GAS  C:\Users\msuro\AppData\Local\Temp\cciZ5v6A.s 			page 11


 331 0132 1A60     		str	r2, [r3]
 238:.\Generated_Source\PSoC4/cyfitter_cfg.c **** 
 239:.\Generated_Source\PSoC4/cyfitter_cfg.c **** }
 332              		.loc 1 239 0
 333 0134 BD46     		mov	sp, r7
 334              		@ sp needed
 335 0136 80BD     		pop	{r7, pc}
 336              	.L12:
 337              		.align	2
 338              	.L11:
 339 0138 30001040 		.word	1074790448
 340 013c 28FF0B40 		.word	1074528040
 341 0140 FDF1FF0F 		.word	268431869
 342 0144 2CFF0B40 		.word	1074528044
 343 0148 04010B40 		.word	1074462980
 344 014c 06000080 		.word	-2147483642
 345 0150 0C020B40 		.word	1074463244
 346 0154 7C002E40 		.word	1076756604
 347 0158 6A2D0000 		.word	11626
 348 015c 6CF02E40 		.word	1076818028
 349 0160 DC050000 		.word	1500
 350 0164 00030140 		.word	1073808128
 351 0168 00000140 		.word	1073807360
 352 016c 40FF0080 		.word	-2147418304
 353 0170 08010B40 		.word	1074462984
 354 0174 00010B40 		.word	1074462976
 355 0178 04010140 		.word	1073807620
 356              		.cfi_endproc
 357              	.LFE6:
 358              		.size	ClockSetup, .-ClockSetup
 359              		.section	.text.AnalogSetDefault,"ax",%progbits
 360              		.align	2
 361              		.code	16
 362              		.thumb_func
 363              		.type	AnalogSetDefault, %function
 364              	AnalogSetDefault:
 365              	.LFB7:
 240:.\Generated_Source\PSoC4/cyfitter_cfg.c **** 
 241:.\Generated_Source\PSoC4/cyfitter_cfg.c **** 
 242:.\Generated_Source\PSoC4/cyfitter_cfg.c **** /* Analog API Functions */
 243:.\Generated_Source\PSoC4/cyfitter_cfg.c **** 
 244:.\Generated_Source\PSoC4/cyfitter_cfg.c **** 
 245:.\Generated_Source\PSoC4/cyfitter_cfg.c **** /*******************************************************************************
 246:.\Generated_Source\PSoC4/cyfitter_cfg.c **** * Function Name: AnalogSetDefault
 247:.\Generated_Source\PSoC4/cyfitter_cfg.c **** ********************************************************************************
 248:.\Generated_Source\PSoC4/cyfitter_cfg.c **** *
 249:.\Generated_Source\PSoC4/cyfitter_cfg.c **** * Summary:
 250:.\Generated_Source\PSoC4/cyfitter_cfg.c **** *  Sets up the analog portions of the chip to default values based on chip
 251:.\Generated_Source\PSoC4/cyfitter_cfg.c **** *  configuration options from the project.
 252:.\Generated_Source\PSoC4/cyfitter_cfg.c **** *
 253:.\Generated_Source\PSoC4/cyfitter_cfg.c **** * Parameters:
 254:.\Generated_Source\PSoC4/cyfitter_cfg.c **** *  void
 255:.\Generated_Source\PSoC4/cyfitter_cfg.c **** *
 256:.\Generated_Source\PSoC4/cyfitter_cfg.c **** * Return:
 257:.\Generated_Source\PSoC4/cyfitter_cfg.c **** *  void
 258:.\Generated_Source\PSoC4/cyfitter_cfg.c **** *
 259:.\Generated_Source\PSoC4/cyfitter_cfg.c **** *******************************************************************************/
ARM GAS  C:\Users\msuro\AppData\Local\Temp\cciZ5v6A.s 			page 12


 260:.\Generated_Source\PSoC4/cyfitter_cfg.c **** static void AnalogSetDefault(void);
 261:.\Generated_Source\PSoC4/cyfitter_cfg.c **** static void AnalogSetDefault(void)
 262:.\Generated_Source\PSoC4/cyfitter_cfg.c **** {
 366              		.loc 1 262 0
 367              		.cfi_startproc
 368 0000 80B5     		push	{r7, lr}
 369              		.cfi_def_cfa_offset 8
 370              		.cfi_offset 7, -8
 371              		.cfi_offset 14, -4
 372 0002 00AF     		add	r7, sp, #0
 373              		.cfi_def_cfa_register 7
 263:.\Generated_Source\PSoC4/cyfitter_cfg.c **** 	CY_SET_XTND_REG32((void CYFAR *)CYREG_CTBM0_DFT_CTRL, 0x00000003u);
 374              		.loc 1 263 0
 375 0004 054B     		ldr	r3, .L14
 376 0006 0322     		mov	r2, #3
 377 0008 1A60     		str	r2, [r3]
 264:.\Generated_Source\PSoC4/cyfitter_cfg.c **** 	CY_SET_XTND_REG32((void CYFAR *)CYREG_CTBM1_DFT_CTRL, 0x00000003u);
 378              		.loc 1 264 0
 379 000a 054B     		ldr	r3, .L14+4
 380 000c 0322     		mov	r2, #3
 381 000e 1A60     		str	r2, [r3]
 265:.\Generated_Source\PSoC4/cyfitter_cfg.c **** 	CY_SET_XTND_REG32((void CYFAR *)CYREG_PASS_DSAB_DSAB_CTRL, 0x00000000u);
 382              		.loc 1 265 0
 383 0010 044B     		ldr	r3, .L14+8
 384 0012 0022     		mov	r2, #0
 385 0014 1A60     		str	r2, [r3]
 266:.\Generated_Source\PSoC4/cyfitter_cfg.c **** }
 386              		.loc 1 266 0
 387 0016 BD46     		mov	sp, r7
 388              		@ sp needed
 389 0018 80BD     		pop	{r7, pc}
 390              	.L15:
 391 001a C046     		.align	2
 392              	.L14:
 393 001c 30003040 		.word	1076887600
 394 0020 30003140 		.word	1076953136
 395 0024 000E3F40 		.word	1077874176
 396              		.cfi_endproc
 397              	.LFE7:
 398              		.size	AnalogSetDefault, .-AnalogSetDefault
 399              		.section	.psocinit
 400              		.align	2
 401              		.global	cyfitter_cfg
 402              		.code	16
 403              		.thumb_func
 404              		.type	cyfitter_cfg, %function
 405              	cyfitter_cfg:
 406              	.LFB8:
 267:.\Generated_Source\PSoC4/cyfitter_cfg.c **** 
 268:.\Generated_Source\PSoC4/cyfitter_cfg.c **** #define CY_AMUX_UNUSED CYREG_CM0_ROM_DWT
 269:.\Generated_Source\PSoC4/cyfitter_cfg.c **** 
 270:.\Generated_Source\PSoC4/cyfitter_cfg.c **** 
 271:.\Generated_Source\PSoC4/cyfitter_cfg.c **** /*******************************************************************************
 272:.\Generated_Source\PSoC4/cyfitter_cfg.c **** * Function Name: cyfitter_cfg
 273:.\Generated_Source\PSoC4/cyfitter_cfg.c **** ********************************************************************************
 274:.\Generated_Source\PSoC4/cyfitter_cfg.c **** * Summary:
 275:.\Generated_Source\PSoC4/cyfitter_cfg.c **** *  This function is called by the start-up code for the selected device. It
ARM GAS  C:\Users\msuro\AppData\Local\Temp\cciZ5v6A.s 			page 13


 276:.\Generated_Source\PSoC4/cyfitter_cfg.c **** *  performs all of the necessary device configuration based on the design
 277:.\Generated_Source\PSoC4/cyfitter_cfg.c **** *  settings.  This includes settings from the Design Wide Resources (DWR) such
 278:.\Generated_Source\PSoC4/cyfitter_cfg.c **** *  as Clocks and Pins as well as any component configuration that is necessary.
 279:.\Generated_Source\PSoC4/cyfitter_cfg.c **** *
 280:.\Generated_Source\PSoC4/cyfitter_cfg.c **** * Parameters:  
 281:.\Generated_Source\PSoC4/cyfitter_cfg.c **** *   void
 282:.\Generated_Source\PSoC4/cyfitter_cfg.c **** *
 283:.\Generated_Source\PSoC4/cyfitter_cfg.c **** * Return:
 284:.\Generated_Source\PSoC4/cyfitter_cfg.c **** *   void
 285:.\Generated_Source\PSoC4/cyfitter_cfg.c **** *
 286:.\Generated_Source\PSoC4/cyfitter_cfg.c **** *******************************************************************************/
 287:.\Generated_Source\PSoC4/cyfitter_cfg.c **** CY_CFG_SECTION
 288:.\Generated_Source\PSoC4/cyfitter_cfg.c **** void cyfitter_cfg(void)
 289:.\Generated_Source\PSoC4/cyfitter_cfg.c **** {
 407              		.loc 1 289 0
 408              		.cfi_startproc
 409 017c 80B5     		push	{r7, lr}
 410              		.cfi_def_cfa_offset 8
 411              		.cfi_offset 7, -8
 412              		.cfi_offset 14, -4
 413 017e 82B0     		sub	sp, sp, #8
 414              		.cfi_def_cfa_offset 16
 415 0180 00AF     		add	r7, sp, #0
 416              		.cfi_def_cfa_register 7
 290:.\Generated_Source\PSoC4/cyfitter_cfg.c **** 	/* Disable interrupts by default. Let user enable if/when they want. */
 291:.\Generated_Source\PSoC4/cyfitter_cfg.c **** 	CyGlobalIntDisable;
 417              		.loc 1 291 0
 418              	@ 291 ".\Generated_Source\PSoC4\cyfitter_cfg.c" 1
 419 0182 72B6     		CPSID   i
 420              	@ 0 "" 2
 292:.\Generated_Source\PSoC4/cyfitter_cfg.c **** 
 293:.\Generated_Source\PSoC4/cyfitter_cfg.c **** 	CY_SET_XTND_REG32((void CYFAR *)(CYREG_BLE_BLESS_LL_DSM_CTRL), 0x00000000u);
 421              		.loc 1 293 0
 422              		.code	16
 423 0184 374B     		ldr	r3, .L19
 424 0186 0022     		mov	r2, #0
 425 0188 1A60     		str	r2, [r3]
 426              	.LBB2:
 294:.\Generated_Source\PSoC4/cyfitter_cfg.c **** 
 295:.\Generated_Source\PSoC4/cyfitter_cfg.c **** 	{
 296:.\Generated_Source\PSoC4/cyfitter_cfg.c **** 
 297:.\Generated_Source\PSoC4/cyfitter_cfg.c **** 		CYPACKED typedef struct {
 298:.\Generated_Source\PSoC4/cyfitter_cfg.c **** 			void CYFAR *address;
 299:.\Generated_Source\PSoC4/cyfitter_cfg.c **** 			uint16 size;
 300:.\Generated_Source\PSoC4/cyfitter_cfg.c **** 		} CYPACKED_ATTR cfg_memset_t;
 301:.\Generated_Source\PSoC4/cyfitter_cfg.c **** 
 302:.\Generated_Source\PSoC4/cyfitter_cfg.c **** 		static const cfg_memset_t CYCODE cfg_memset_list [] = {
 303:.\Generated_Source\PSoC4/cyfitter_cfg.c **** 			/* address, size */
 304:.\Generated_Source\PSoC4/cyfitter_cfg.c **** 			{(void CYFAR *)(CYDEV_UDB_P0_U0_BASE), 1024u},
 305:.\Generated_Source\PSoC4/cyfitter_cfg.c **** 			{(void CYFAR *)(CYDEV_UDB_DSI0_BASE), 1024u},
 306:.\Generated_Source\PSoC4/cyfitter_cfg.c **** 		};
 307:.\Generated_Source\PSoC4/cyfitter_cfg.c **** 
 308:.\Generated_Source\PSoC4/cyfitter_cfg.c **** 		uint8 CYDATA i;
 309:.\Generated_Source\PSoC4/cyfitter_cfg.c **** 
 310:.\Generated_Source\PSoC4/cyfitter_cfg.c **** 		/* Zero out critical memory blocks before beginning configuration */
 311:.\Generated_Source\PSoC4/cyfitter_cfg.c **** 		for (i = 0u; i < (sizeof(cfg_memset_list)/sizeof(cfg_memset_list[0])); i++)
 427              		.loc 1 311 0
ARM GAS  C:\Users\msuro\AppData\Local\Temp\cciZ5v6A.s 			page 14


 428 018a FB1D     		add	r3, r7, #7
 429 018c 0022     		mov	r2, #0
 430 018e 1A70     		strb	r2, [r3]
 431 0190 23E0     		b	.L17
 432              	.L18:
 433              	.LBB3:
 312:.\Generated_Source\PSoC4/cyfitter_cfg.c **** 		{
 313:.\Generated_Source\PSoC4/cyfitter_cfg.c **** 			const cfg_memset_t CYCODE * CYDATA ms = &cfg_memset_list[i];
 434              		.loc 1 313 0 discriminator 2
 435 0192 FB1D     		add	r3, r7, #7
 436 0194 1A78     		ldrb	r2, [r3]
 437 0196 131C     		mov	r3, r2
 438 0198 5B00     		lsl	r3, r3, #1
 439 019a 9B18     		add	r3, r3, r2
 440 019c 5B00     		lsl	r3, r3, #1
 441 019e 324A     		ldr	r2, .L19+4
 442 01a0 9B18     		add	r3, r3, r2
 443 01a2 3B60     		str	r3, [r7]
 314:.\Generated_Source\PSoC4/cyfitter_cfg.c **** 			CYMEMZERO(ms->address, (size_t)(uint32)(ms->size));
 444              		.loc 1 314 0 discriminator 2
 445 01a4 3B68     		ldr	r3, [r7]
 446 01a6 1A78     		ldrb	r2, [r3]
 447 01a8 5978     		ldrb	r1, [r3, #1]
 448 01aa 0902     		lsl	r1, r1, #8
 449 01ac 0A43     		orr	r2, r1
 450 01ae 9978     		ldrb	r1, [r3, #2]
 451 01b0 0904     		lsl	r1, r1, #16
 452 01b2 0A43     		orr	r2, r1
 453 01b4 DB78     		ldrb	r3, [r3, #3]
 454 01b6 1B06     		lsl	r3, r3, #24
 455 01b8 1343     		orr	r3, r2
 456 01ba 1A1C     		mov	r2, r3
 457 01bc 3B68     		ldr	r3, [r7]
 458 01be 1979     		ldrb	r1, [r3, #4]
 459 01c0 5B79     		ldrb	r3, [r3, #5]
 460 01c2 1B02     		lsl	r3, r3, #8
 461 01c4 0B43     		orr	r3, r1
 462 01c6 9BB2     		uxth	r3, r3
 463 01c8 101C     		mov	r0, r2
 464 01ca 191C     		mov	r1, r3
 465 01cc FFF7FEFF 		bl	CYMEMZERO
 466              	.LBE3:
 311:.\Generated_Source\PSoC4/cyfitter_cfg.c **** 		for (i = 0u; i < (sizeof(cfg_memset_list)/sizeof(cfg_memset_list[0])); i++)
 467              		.loc 1 311 0 discriminator 2
 468 01d0 FB1D     		add	r3, r7, #7
 469 01d2 1A78     		ldrb	r2, [r3]
 470 01d4 FB1D     		add	r3, r7, #7
 471 01d6 0132     		add	r2, r2, #1
 472 01d8 1A70     		strb	r2, [r3]
 473              	.L17:
 311:.\Generated_Source\PSoC4/cyfitter_cfg.c **** 		for (i = 0u; i < (sizeof(cfg_memset_list)/sizeof(cfg_memset_list[0])); i++)
 474              		.loc 1 311 0 is_stmt 0 discriminator 1
 475 01da FB1D     		add	r3, r7, #7
 476 01dc 1B78     		ldrb	r3, [r3]
 477 01de 012B     		cmp	r3, #1
 478 01e0 D7D9     		bls	.L18
 315:.\Generated_Source\PSoC4/cyfitter_cfg.c **** 		}
ARM GAS  C:\Users\msuro\AppData\Local\Temp\cciZ5v6A.s 			page 15


 316:.\Generated_Source\PSoC4/cyfitter_cfg.c **** 
 317:.\Generated_Source\PSoC4/cyfitter_cfg.c **** 		/* HSIOM Starting address: CYDEV_HSIOM_BASE */
 318:.\Generated_Source\PSoC4/cyfitter_cfg.c **** 		CY_SET_XTND_REG32((void CYFAR *)(CYDEV_HSIOM_BASE), 0xEE000000u);
 479              		.loc 1 318 0 is_stmt 1
 480 01e2 224B     		ldr	r3, .L19+8
 481 01e4 EE22     		mov	r2, #238
 482 01e6 1206     		lsl	r2, r2, #24
 483 01e8 1A60     		str	r2, [r3]
 319:.\Generated_Source\PSoC4/cyfitter_cfg.c **** 		CY_SET_XTND_REG32((void CYFAR *)(CYREG_HSIOM_PORT_SEL1), 0x00990000u);
 484              		.loc 1 319 0
 485 01ea 214B     		ldr	r3, .L19+12
 486 01ec 9922     		mov	r2, #153
 487 01ee 1204     		lsl	r2, r2, #16
 488 01f0 1A60     		str	r2, [r3]
 320:.\Generated_Source\PSoC4/cyfitter_cfg.c **** 
 321:.\Generated_Source\PSoC4/cyfitter_cfg.c **** 		/* IOPINS0_0 Starting address: CYDEV_GPIO_PRT0_DR */
 322:.\Generated_Source\PSoC4/cyfitter_cfg.c **** 		CY_SET_XTND_REG32((void CYFAR *)(CYREG_GPIO_PRT0_PC), 0x00D80000u);
 489              		.loc 1 322 0
 490 01f2 204B     		ldr	r3, .L19+16
 491 01f4 D822     		mov	r2, #216
 492 01f6 1204     		lsl	r2, r2, #16
 493 01f8 1A60     		str	r2, [r3]
 323:.\Generated_Source\PSoC4/cyfitter_cfg.c **** 
 324:.\Generated_Source\PSoC4/cyfitter_cfg.c **** 		/* IOPINS0_1 Starting address: CYDEV_GPIO_PRT1_DR */
 325:.\Generated_Source\PSoC4/cyfitter_cfg.c **** 		CY_SET_XTND_REG32((void CYFAR *)(CYREG_GPIO_PRT1_DR), 0x00000020u);
 494              		.loc 1 325 0
 495 01fa 1F4B     		ldr	r3, .L19+20
 496 01fc 2022     		mov	r2, #32
 497 01fe 1A60     		str	r2, [r3]
 326:.\Generated_Source\PSoC4/cyfitter_cfg.c **** 		CY_SET_XTND_REG32((void CYFAR *)(CYREG_GPIO_PRT1_PC), 0x00031000u);
 498              		.loc 1 326 0
 499 0200 1E4B     		ldr	r3, .L19+24
 500 0202 C422     		mov	r2, #196
 501 0204 9202     		lsl	r2, r2, #10
 502 0206 1A60     		str	r2, [r3]
 327:.\Generated_Source\PSoC4/cyfitter_cfg.c **** 		CY_SET_XTND_REG32((void CYFAR *)(CYREG_GPIO_PRT1_PC2), 0x00000020u);
 503              		.loc 1 327 0
 504 0208 1D4B     		ldr	r3, .L19+28
 505 020a 2022     		mov	r2, #32
 506 020c 1A60     		str	r2, [r3]
 328:.\Generated_Source\PSoC4/cyfitter_cfg.c **** 
 329:.\Generated_Source\PSoC4/cyfitter_cfg.c **** 		/* UDB_PA_0 Starting address: CYDEV_UDB_PA0_BASE */
 330:.\Generated_Source\PSoC4/cyfitter_cfg.c **** 		CY_SET_XTND_REG32((void CYFAR *)(CYDEV_UDB_PA0_BASE), 0x00990000u);
 507              		.loc 1 330 0
 508 020e 1D4B     		ldr	r3, .L19+32
 509 0210 9922     		mov	r2, #153
 510 0212 1204     		lsl	r2, r2, #16
 511 0214 1A60     		str	r2, [r3]
 331:.\Generated_Source\PSoC4/cyfitter_cfg.c **** 
 332:.\Generated_Source\PSoC4/cyfitter_cfg.c **** 		/* UDB_PA_1 Starting address: CYDEV_UDB_PA1_BASE */
 333:.\Generated_Source\PSoC4/cyfitter_cfg.c **** 		CY_SET_XTND_REG32((void CYFAR *)(CYDEV_UDB_PA1_BASE), 0x00990000u);
 512              		.loc 1 333 0
 513 0216 1C4B     		ldr	r3, .L19+36
 514 0218 9922     		mov	r2, #153
 515 021a 1204     		lsl	r2, r2, #16
 516 021c 1A60     		str	r2, [r3]
 334:.\Generated_Source\PSoC4/cyfitter_cfg.c **** 
ARM GAS  C:\Users\msuro\AppData\Local\Temp\cciZ5v6A.s 			page 16


 335:.\Generated_Source\PSoC4/cyfitter_cfg.c **** 		/* Enable digital routing */
 336:.\Generated_Source\PSoC4/cyfitter_cfg.c **** 		CY_SET_XTND_REG8((void *)CYREG_UDB_UDBIF_BANK_CTL, CY_GET_XTND_REG8((void *)CYREG_UDB_UDBIF_BANK_
 517              		.loc 1 336 0
 518 021e 1B4B     		ldr	r3, .L19+40
 519 0220 1A4A     		ldr	r2, .L19+40
 520 0222 1278     		ldrb	r2, [r2]
 521 0224 D2B2     		uxtb	r2, r2
 522 0226 0221     		mov	r1, #2
 523 0228 0A43     		orr	r2, r1
 524 022a D2B2     		uxtb	r2, r2
 525 022c 1A70     		strb	r2, [r3]
 337:.\Generated_Source\PSoC4/cyfitter_cfg.c **** 
 338:.\Generated_Source\PSoC4/cyfitter_cfg.c **** 		/* Enable UDB array */
 339:.\Generated_Source\PSoC4/cyfitter_cfg.c **** 		CY_SET_XTND_REG8((void *)CYREG_UDB_UDBIF_WAIT_CFG, (uint8)((CY_GET_XTND_REG8((void *)CYREG_UDB_UD
 526              		.loc 1 339 0
 527 022e 184B     		ldr	r3, .L19+44
 528 0230 174A     		ldr	r2, .L19+44
 529 0232 1278     		ldrb	r2, [r2]
 530 0234 D2B2     		uxtb	r2, r2
 531 0236 3C21     		mov	r1, #60
 532 0238 8A43     		bic	r2, r1
 533 023a D2B2     		uxtb	r2, r2
 534 023c 1421     		mov	r1, #20
 535 023e 0A43     		orr	r2, r1
 536 0240 D2B2     		uxtb	r2, r2
 537 0242 1A70     		strb	r2, [r3]
 340:.\Generated_Source\PSoC4/cyfitter_cfg.c **** 		CY_SET_XTND_REG8((void *)CYREG_UDB_UDBIF_BANK_CTL, (uint8)(CY_GET_XTND_REG8((void *)CYREG_UDB_UDB
 538              		.loc 1 340 0
 539 0244 114B     		ldr	r3, .L19+40
 540 0246 114A     		ldr	r2, .L19+40
 541 0248 1278     		ldrb	r2, [r2]
 542 024a D2B2     		uxtb	r2, r2
 543 024c 1621     		mov	r1, #22
 544 024e 0A43     		orr	r2, r1
 545 0250 D2B2     		uxtb	r2, r2
 546 0252 1A70     		strb	r2, [r3]
 547              	.LBE2:
 341:.\Generated_Source\PSoC4/cyfitter_cfg.c **** 	}
 342:.\Generated_Source\PSoC4/cyfitter_cfg.c **** 
 343:.\Generated_Source\PSoC4/cyfitter_cfg.c **** 	/* Setup clocks based on selections from Clock DWR */
 344:.\Generated_Source\PSoC4/cyfitter_cfg.c **** 	ClockSetup();
 548              		.loc 1 344 0
 549 0254 FFF726FF 		bl	ClockSetup
 345:.\Generated_Source\PSoC4/cyfitter_cfg.c **** 
 346:.\Generated_Source\PSoC4/cyfitter_cfg.c **** 	/* Perform basic analog initialization to defaults */
 347:.\Generated_Source\PSoC4/cyfitter_cfg.c **** 	AnalogSetDefault();
 550              		.loc 1 347 0
 551 0258 FFF7FEFF 		bl	AnalogSetDefault
 348:.\Generated_Source\PSoC4/cyfitter_cfg.c **** 
 349:.\Generated_Source\PSoC4/cyfitter_cfg.c **** }
 552              		.loc 1 349 0
 553 025c BD46     		mov	sp, r7
 554 025e 02B0     		add	sp, sp, #8
 555              		@ sp needed
 556 0260 80BD     		pop	{r7, pc}
 557              	.L20:
 558 0262 C046     		.align	2
ARM GAS  C:\Users\msuro\AppData\Local\Temp\cciZ5v6A.s 			page 17


 559              	.L19:
 560 0264 6CF02E40 		.word	1076818028
 561 0268 04000000 		.word	cfg_memset_list.4742
 562 026c 00000240 		.word	1073872896
 563 0270 00010240 		.word	1073873152
 564 0274 08000440 		.word	1074003976
 565 0278 00010440 		.word	1074004224
 566 027c 08010440 		.word	1074004232
 567 0280 18010440 		.word	1074004248
 568 0284 00500F40 		.word	1074745344
 569 0288 10500F40 		.word	1074745360
 570 028c 00700F40 		.word	1074753536
 571 0290 01700F40 		.word	1074753537
 572              		.cfi_endproc
 573              	.LFE8:
 574              		.size	cyfitter_cfg, .-cyfitter_cfg
 575              		.data
 576              		.align	2
 577              		.type	imo_trim_table.4717, %object
 578              		.size	imo_trim_table.4717, 4
 579              	imo_trim_table.4717:
 580 0000 C0F1FF0F 		.word	268431808
 581              		.section	.rodata
 582              		.align	2
 583              		.type	IMO_TRIM_FREQ_TABLE_ENTRIES.4718, %object
 584              		.size	IMO_TRIM_FREQ_TABLE_ENTRIES.4718, 4
 585              	IMO_TRIM_FREQ_TABLE_ENTRIES.4718:
 586 0000 04000000 		.word	4
 587              		.align	2
 588              		.type	cfg_memset_list.4742, %object
 589              		.size	cfg_memset_list.4742, 12
 590              	cfg_memset_list.4742:
 591 0004 00300F40 		.word	1074737152
 592 0008 0004     		.short	1024
 593 000a 00400F40 		.4byte	1074741248
 594 000e 0004     		.short	1024
 595              		.text
 596              	.Letext0:
 597              		.file 2 "c:\\program files (x86)\\cypress\\psoc creator\\3.1\\psoc creator\\import\\gnu_cs\\arm\\4
 598              		.file 3 ".\\Generated_Source\\PSoC4/cytypes.h"
 599              		.section	.debug_info,"",%progbits
 600              	.Ldebug_info0:
 601 0000 3F030000 		.4byte	0x33f
 602 0004 0400     		.2byte	0x4
 603 0006 00000000 		.4byte	.Ldebug_abbrev0
 604 000a 04       		.byte	0x4
 605 000b 01       		.uleb128 0x1
 606 000c 0D020000 		.4byte	.LASF43
 607 0010 01       		.byte	0x1
 608 0011 69010000 		.4byte	.LASF44
 609 0015 89020000 		.4byte	.LASF45
 610 0019 00000000 		.4byte	.Ldebug_ranges0+0
 611 001d 00000000 		.4byte	0
 612 0021 00000000 		.4byte	.Ldebug_line0
 613 0025 02       		.uleb128 0x2
 614 0026 04       		.byte	0x4
 615 0027 05       		.byte	0x5
ARM GAS  C:\Users\msuro\AppData\Local\Temp\cciZ5v6A.s 			page 18


 616 0028 696E7400 		.ascii	"int\000"
 617 002c 03       		.uleb128 0x3
 618 002d 06000000 		.4byte	.LASF11
 619 0031 02       		.byte	0x2
 620 0032 D4       		.byte	0xd4
 621 0033 37000000 		.4byte	0x37
 622 0037 04       		.uleb128 0x4
 623 0038 04       		.byte	0x4
 624 0039 07       		.byte	0x7
 625 003a 12010000 		.4byte	.LASF0
 626 003e 04       		.uleb128 0x4
 627 003f 01       		.byte	0x1
 628 0040 06       		.byte	0x6
 629 0041 F1010000 		.4byte	.LASF1
 630 0045 04       		.uleb128 0x4
 631 0046 01       		.byte	0x1
 632 0047 08       		.byte	0x8
 633 0048 BF000000 		.4byte	.LASF2
 634 004c 04       		.uleb128 0x4
 635 004d 02       		.byte	0x2
 636 004e 05       		.byte	0x5
 637 004f 63000000 		.4byte	.LASF3
 638 0053 04       		.uleb128 0x4
 639 0054 02       		.byte	0x2
 640 0055 07       		.byte	0x7
 641 0056 50000000 		.4byte	.LASF4
 642 005a 04       		.uleb128 0x4
 643 005b 04       		.byte	0x4
 644 005c 05       		.byte	0x5
 645 005d D9010000 		.4byte	.LASF5
 646 0061 04       		.uleb128 0x4
 647 0062 04       		.byte	0x4
 648 0063 07       		.byte	0x7
 649 0064 9D000000 		.4byte	.LASF6
 650 0068 04       		.uleb128 0x4
 651 0069 08       		.byte	0x8
 652 006a 05       		.byte	0x5
 653 006b A3010000 		.4byte	.LASF7
 654 006f 04       		.uleb128 0x4
 655 0070 08       		.byte	0x8
 656 0071 07       		.byte	0x7
 657 0072 34010000 		.4byte	.LASF8
 658 0076 04       		.uleb128 0x4
 659 0077 04       		.byte	0x4
 660 0078 07       		.byte	0x7
 661 0079 91010000 		.4byte	.LASF9
 662 007d 05       		.uleb128 0x5
 663 007e 04       		.byte	0x4
 664 007f 04       		.uleb128 0x4
 665 0080 01       		.byte	0x1
 666 0081 08       		.byte	0x8
 667 0082 B1010000 		.4byte	.LASF10
 668 0086 03       		.uleb128 0x3
 669 0087 C4010000 		.4byte	.LASF12
 670 008b 03       		.byte	0x3
 671 008c A1       		.byte	0xa1
 672 008d 45000000 		.4byte	0x45
ARM GAS  C:\Users\msuro\AppData\Local\Temp\cciZ5v6A.s 			page 19


 673 0091 03       		.uleb128 0x3
 674 0092 04010000 		.4byte	.LASF13
 675 0096 03       		.byte	0x3
 676 0097 A2       		.byte	0xa2
 677 0098 53000000 		.4byte	0x53
 678 009c 03       		.uleb128 0x3
 679 009d 0B010000 		.4byte	.LASF14
 680 00a1 03       		.byte	0x3
 681 00a2 A3       		.byte	0xa3
 682 00a3 61000000 		.4byte	0x61
 683 00a7 03       		.uleb128 0x3
 684 00a8 AF000000 		.4byte	.LASF15
 685 00ac 03       		.byte	0x3
 686 00ad A6       		.byte	0xa6
 687 00ae 5A000000 		.4byte	0x5a
 688 00b2 04       		.uleb128 0x4
 689 00b3 04       		.byte	0x4
 690 00b4 04       		.byte	0x4
 691 00b5 7B000000 		.4byte	.LASF16
 692 00b9 04       		.uleb128 0x4
 693 00ba 08       		.byte	0x8
 694 00bb 04       		.byte	0x4
 695 00bc CD000000 		.4byte	.LASF17
 696 00c0 06       		.uleb128 0x6
 697 00c1 98000000 		.4byte	.LASF18
 698 00c5 03       		.byte	0x3
 699 00c6 4B01     		.2byte	0x14b
 700 00c8 CC000000 		.4byte	0xcc
 701 00cc 07       		.uleb128 0x7
 702 00cd 86000000 		.4byte	0x86
 703 00d1 06       		.uleb128 0x6
 704 00d2 00000000 		.4byte	.LASF19
 705 00d6 03       		.byte	0x3
 706 00d7 4D01     		.2byte	0x14d
 707 00d9 DD000000 		.4byte	0xdd
 708 00dd 07       		.uleb128 0x7
 709 00de 9C000000 		.4byte	0x9c
 710 00e2 08       		.uleb128 0x8
 711 00e3 B5000000 		.4byte	.LASF20
 712 00e7 01       		.byte	0x1
 713 00e8 39       		.byte	0x39
 714 00e9 00000000 		.4byte	.LFB2
 715 00ed 1E000000 		.4byte	.LFE2-.LFB2
 716 00f1 01       		.uleb128 0x1
 717 00f2 9C       		.byte	0x9c
 718 00f3 10010000 		.4byte	0x110
 719 00f7 09       		.uleb128 0x9
 720 00f8 7300     		.ascii	"s\000"
 721 00fa 01       		.byte	0x1
 722 00fb 39       		.byte	0x39
 723 00fc 7D000000 		.4byte	0x7d
 724 0100 02       		.uleb128 0x2
 725 0101 91       		.byte	0x91
 726 0102 74       		.sleb128 -12
 727 0103 09       		.uleb128 0x9
 728 0104 6E00     		.ascii	"n\000"
 729 0106 01       		.byte	0x1
ARM GAS  C:\Users\msuro\AppData\Local\Temp\cciZ5v6A.s 			page 20


 730 0107 39       		.byte	0x39
 731 0108 2C000000 		.4byte	0x2c
 732 010c 02       		.uleb128 0x2
 733 010d 91       		.byte	0x91
 734 010e 70       		.sleb128 -16
 735 010f 00       		.byte	0
 736 0110 08       		.uleb128 0x8
 737 0111 DC000000 		.4byte	.LASF21
 738 0115 01       		.byte	0x1
 739 0116 40       		.byte	0x40
 740 0117 00000000 		.4byte	.LFB3
 741 011b 22000000 		.4byte	.LFE3-.LFB3
 742 011f 01       		.uleb128 0x1
 743 0120 9C       		.byte	0x9c
 744 0121 4E010000 		.4byte	0x14e
 745 0125 0A       		.uleb128 0xa
 746 0126 8E000000 		.4byte	.LASF22
 747 012a 01       		.byte	0x1
 748 012b 40       		.byte	0x40
 749 012c 7D000000 		.4byte	0x7d
 750 0130 02       		.uleb128 0x2
 751 0131 91       		.byte	0x91
 752 0132 74       		.sleb128 -12
 753 0133 09       		.uleb128 0x9
 754 0134 73726300 		.ascii	"src\000"
 755 0138 01       		.byte	0x1
 756 0139 40       		.byte	0x40
 757 013a 4E010000 		.4byte	0x14e
 758 013e 02       		.uleb128 0x2
 759 013f 91       		.byte	0x91
 760 0140 70       		.sleb128 -16
 761 0141 09       		.uleb128 0x9
 762 0142 6E00     		.ascii	"n\000"
 763 0144 01       		.byte	0x1
 764 0145 40       		.byte	0x40
 765 0146 2C000000 		.4byte	0x2c
 766 014a 02       		.uleb128 0x2
 767 014b 91       		.byte	0x91
 768 014c 6C       		.sleb128 -20
 769 014d 00       		.byte	0
 770 014e 0B       		.uleb128 0xb
 771 014f 04       		.byte	0x4
 772 0150 54010000 		.4byte	0x154
 773 0154 0C       		.uleb128 0xc
 774 0155 08       		.uleb128 0x8
 775 0156 FD010000 		.4byte	.LASF23
 776 015a 01       		.byte	0x1
 777 015b 47       		.byte	0x47
 778 015c 00000000 		.4byte	.LFB4
 779 0160 22000000 		.4byte	.LFE4-.LFB4
 780 0164 01       		.uleb128 0x1
 781 0165 9C       		.byte	0x9c
 782 0166 93010000 		.4byte	0x193
 783 016a 0A       		.uleb128 0xa
 784 016b 8E000000 		.4byte	.LASF22
 785 016f 01       		.byte	0x1
 786 0170 47       		.byte	0x47
ARM GAS  C:\Users\msuro\AppData\Local\Temp\cciZ5v6A.s 			page 21


 787 0171 7D000000 		.4byte	0x7d
 788 0175 02       		.uleb128 0x2
 789 0176 91       		.byte	0x91
 790 0177 74       		.sleb128 -12
 791 0178 09       		.uleb128 0x9
 792 0179 73726300 		.ascii	"src\000"
 793 017d 01       		.byte	0x1
 794 017e 47       		.byte	0x47
 795 017f 4E010000 		.4byte	0x14e
 796 0183 02       		.uleb128 0x2
 797 0184 91       		.byte	0x91
 798 0185 70       		.sleb128 -16
 799 0186 09       		.uleb128 0x9
 800 0187 6E00     		.ascii	"n\000"
 801 0189 01       		.byte	0x1
 802 018a 47       		.byte	0x47
 803 018b 2C000000 		.4byte	0x2c
 804 018f 02       		.uleb128 0x2
 805 0190 91       		.byte	0x91
 806 0191 6C       		.sleb128 -20
 807 0192 00       		.byte	0
 808 0193 0D       		.uleb128 0xd
 809 0194 6D000000 		.4byte	.LASF24
 810 0198 01       		.byte	0x1
 811 0199 8C       		.byte	0x8c
 812 019a 00000000 		.4byte	.LFB5
 813 019e A4000000 		.4byte	.LFE5-.LFB5
 814 01a2 01       		.uleb128 0x1
 815 01a3 9C       		.byte	0x9c
 816 01a4 76020000 		.4byte	0x276
 817 01a8 0A       		.uleb128 0xa
 818 01a9 D4000000 		.4byte	.LASF25
 819 01ad 01       		.byte	0x1
 820 01ae 8C       		.byte	0x8c
 821 01af 86000000 		.4byte	0x86
 822 01b3 02       		.uleb128 0x2
 823 01b4 91       		.byte	0x91
 824 01b5 6F       		.sleb128 -17
 825 01b6 0E       		.uleb128 0xe
 826 01b7 03       		.byte	0x3
 827 01b8 01       		.byte	0x1
 828 01b9 8E       		.byte	0x8e
 829 01ba E3010000 		.4byte	0x1e3
 830 01be 0F       		.uleb128 0xf
 831 01bf BF010000 		.4byte	.LASF26
 832 01c3 01       		.byte	0x1
 833 01c4 8F       		.byte	0x8f
 834 01c5 86000000 		.4byte	0x86
 835 01c9 00       		.byte	0
 836 01ca 0F       		.uleb128 0xf
 837 01cb B6010000 		.4byte	.LASF27
 838 01cf 01       		.byte	0x1
 839 01d0 90       		.byte	0x90
 840 01d1 86000000 		.4byte	0x86
 841 01d5 01       		.byte	0x1
 842 01d6 0F       		.uleb128 0xf
 843 01d7 4A000000 		.4byte	.LASF28
ARM GAS  C:\Users\msuro\AppData\Local\Temp\cciZ5v6A.s 			page 22


 844 01db 01       		.byte	0x1
 845 01dc 91       		.byte	0x91
 846 01dd 86000000 		.4byte	0x86
 847 01e1 02       		.byte	0x2
 848 01e2 00       		.byte	0
 849 01e3 03       		.uleb128 0x3
 850 01e4 1E000000 		.4byte	.LASF29
 851 01e8 01       		.byte	0x1
 852 01e9 92       		.byte	0x92
 853 01ea B6010000 		.4byte	0x1b6
 854 01ee 0E       		.uleb128 0xe
 855 01ef 0C       		.byte	0xc
 856 01f0 01       		.byte	0x1
 857 01f1 94       		.byte	0x94
 858 01f2 13020000 		.4byte	0x213
 859 01f6 10       		.uleb128 0x10
 860 01f7 E3010000 		.4byte	0x1e3
 861 01fb 06020000 		.4byte	0x206
 862 01ff 11       		.uleb128 0x11
 863 0200 76000000 		.4byte	0x76
 864 0204 03       		.byte	0x3
 865 0205 00       		.byte	0
 866 0206 0F       		.uleb128 0xf
 867 0207 E2010000 		.4byte	.LASF30
 868 020b 01       		.byte	0x1
 869 020c 95       		.byte	0x95
 870 020d F6010000 		.4byte	0x1f6
 871 0211 00       		.byte	0
 872 0212 00       		.byte	0
 873 0213 03       		.uleb128 0x3
 874 0214 4B010000 		.4byte	.LASF31
 875 0218 01       		.byte	0x1
 876 0219 96       		.byte	0x96
 877 021a EE010000 		.4byte	0x1ee
 878 021e 12       		.uleb128 0x12
 879 021f CA010000 		.4byte	.LASF32
 880 0223 01       		.byte	0x1
 881 0224 98       		.byte	0x98
 882 0225 2F020000 		.4byte	0x22f
 883 0229 05       		.uleb128 0x5
 884 022a 03       		.byte	0x3
 885 022b 00000000 		.4byte	imo_trim_table.4717
 886 022f 0B       		.uleb128 0xb
 887 0230 04       		.byte	0x4
 888 0231 35020000 		.4byte	0x235
 889 0235 13       		.uleb128 0x13
 890 0236 13020000 		.4byte	0x213
 891 023a 12       		.uleb128 0x12
 892 023b E8000000 		.4byte	.LASF33
 893 023f 01       		.byte	0x1
 894 0240 99       		.byte	0x99
 895 0241 76020000 		.4byte	0x276
 896 0245 05       		.uleb128 0x5
 897 0246 03       		.byte	0x3
 898 0247 00000000 		.4byte	IMO_TRIM_FREQ_TABLE_ENTRIES.4718
 899 024b 12       		.uleb128 0x12
 900 024c 81000000 		.4byte	.LASF34
ARM GAS  C:\Users\msuro\AppData\Local\Temp\cciZ5v6A.s 			page 23


 901 0250 01       		.byte	0x1
 902 0251 9B       		.byte	0x9b
 903 0252 A7000000 		.4byte	0xa7
 904 0256 02       		.uleb128 0x2
 905 0257 91       		.byte	0x91
 906 0258 74       		.sleb128 -12
 907 0259 12       		.uleb128 0x12
 908 025a EA010000 		.4byte	.LASF35
 909 025e 01       		.byte	0x1
 910 025f 9C       		.byte	0x9c
 911 0260 86000000 		.4byte	0x86
 912 0264 02       		.uleb128 0x2
 913 0265 91       		.byte	0x91
 914 0266 73       		.sleb128 -13
 915 0267 12       		.uleb128 0x12
 916 0268 9A010000 		.4byte	.LASF36
 917 026c 01       		.byte	0x1
 918 026d 9D       		.byte	0x9d
 919 026e 86000000 		.4byte	0x86
 920 0272 02       		.uleb128 0x2
 921 0273 91       		.byte	0x91
 922 0274 72       		.sleb128 -14
 923 0275 00       		.byte	0
 924 0276 13       		.uleb128 0x13
 925 0277 9C000000 		.4byte	0x9c
 926 027b 14       		.uleb128 0x14
 927 027c 3F000000 		.4byte	.LASF37
 928 0280 01       		.byte	0x1
 929 0281 C3       		.byte	0xc3
 930 0282 A4000000 		.4byte	.LFB6
 931 0286 D8000000 		.4byte	.LFE6-.LFB6
 932 028a 01       		.uleb128 0x1
 933 028b 9C       		.byte	0x9c
 934 028c 15       		.uleb128 0x15
 935 028d 0D000000 		.4byte	.LASF38
 936 0291 01       		.byte	0x1
 937 0292 0501     		.2byte	0x105
 938 0294 00000000 		.4byte	.LFB7
 939 0298 28000000 		.4byte	.LFE7-.LFB7
 940 029c 01       		.uleb128 0x1
 941 029d 9C       		.byte	0x9c
 942 029e 16       		.uleb128 0x16
 943 029f 1F010000 		.4byte	.LASF46
 944 02a3 01       		.byte	0x1
 945 02a4 2001     		.2byte	0x120
 946 02a6 7C010000 		.4byte	.LFB8
 947 02aa 18010000 		.4byte	.LFE8-.LFB8
 948 02ae 01       		.uleb128 0x1
 949 02af 9C       		.byte	0x9c
 950 02b0 17       		.uleb128 0x17
 951 02b1 8A010000 		.4byte	.LBB2
 952 02b5 CA000000 		.4byte	.LBE2-.LBB2
 953 02b9 18       		.uleb128 0x18
 954 02ba 06       		.byte	0x6
 955 02bb 01       		.byte	0x1
 956 02bc 2901     		.2byte	0x129
 957 02be DD020000 		.4byte	0x2dd
ARM GAS  C:\Users\msuro\AppData\Local\Temp\cciZ5v6A.s 			page 24


 958 02c2 19       		.uleb128 0x19
 959 02c3 2C010000 		.4byte	.LASF39
 960 02c7 01       		.byte	0x1
 961 02c8 2A01     		.2byte	0x12a
 962 02ca 7D000000 		.4byte	0x7d
 963 02ce 00       		.byte	0
 964 02cf 19       		.uleb128 0x19
 965 02d0 93000000 		.4byte	.LASF40
 966 02d4 01       		.byte	0x1
 967 02d5 2B01     		.2byte	0x12b
 968 02d7 91000000 		.4byte	0x91
 969 02db 04       		.byte	0x4
 970 02dc 00       		.byte	0
 971 02dd 06       		.uleb128 0x6
 972 02de 5C010000 		.4byte	.LASF41
 973 02e2 01       		.byte	0x1
 974 02e3 2C01     		.2byte	0x12c
 975 02e5 B9020000 		.4byte	0x2b9
 976 02e9 10       		.uleb128 0x10
 977 02ea DD020000 		.4byte	0x2dd
 978 02ee F9020000 		.4byte	0x2f9
 979 02f2 11       		.uleb128 0x11
 980 02f3 76000000 		.4byte	0x76
 981 02f7 01       		.byte	0x1
 982 02f8 00       		.byte	0
 983 02f9 1A       		.uleb128 0x1a
 984 02fa 2F000000 		.4byte	.LASF42
 985 02fe 01       		.byte	0x1
 986 02ff 2E01     		.2byte	0x12e
 987 0301 0B030000 		.4byte	0x30b
 988 0305 05       		.uleb128 0x5
 989 0306 03       		.byte	0x3
 990 0307 04000000 		.4byte	cfg_memset_list.4742
 991 030b 13       		.uleb128 0x13
 992 030c E9020000 		.4byte	0x2e9
 993 0310 1B       		.uleb128 0x1b
 994 0311 6900     		.ascii	"i\000"
 995 0313 01       		.byte	0x1
 996 0314 3401     		.2byte	0x134
 997 0316 86000000 		.4byte	0x86
 998 031a 02       		.uleb128 0x2
 999 031b 91       		.byte	0x91
 1000 031c 77       		.sleb128 -9
 1001 031d 17       		.uleb128 0x17
 1002 031e 92010000 		.4byte	.LBB3
 1003 0322 3E000000 		.4byte	.LBE3-.LBB3
 1004 0326 1B       		.uleb128 0x1b
 1005 0327 6D7300   		.ascii	"ms\000"
 1006 032a 01       		.byte	0x1
 1007 032b 3901     		.2byte	0x139
 1008 032d 34030000 		.4byte	0x334
 1009 0331 02       		.uleb128 0x2
 1010 0332 91       		.byte	0x91
 1011 0333 70       		.sleb128 -16
 1012 0334 0B       		.uleb128 0xb
 1013 0335 04       		.byte	0x4
 1014 0336 3A030000 		.4byte	0x33a
ARM GAS  C:\Users\msuro\AppData\Local\Temp\cciZ5v6A.s 			page 25


 1015 033a 13       		.uleb128 0x13
 1016 033b DD020000 		.4byte	0x2dd
 1017 033f 00       		.byte	0
 1018 0340 00       		.byte	0
 1019 0341 00       		.byte	0
 1020 0342 00       		.byte	0
 1021              		.section	.debug_abbrev,"",%progbits
 1022              	.Ldebug_abbrev0:
 1023 0000 01       		.uleb128 0x1
 1024 0001 11       		.uleb128 0x11
 1025 0002 01       		.byte	0x1
 1026 0003 25       		.uleb128 0x25
 1027 0004 0E       		.uleb128 0xe
 1028 0005 13       		.uleb128 0x13
 1029 0006 0B       		.uleb128 0xb
 1030 0007 03       		.uleb128 0x3
 1031 0008 0E       		.uleb128 0xe
 1032 0009 1B       		.uleb128 0x1b
 1033 000a 0E       		.uleb128 0xe
 1034 000b 55       		.uleb128 0x55
 1035 000c 17       		.uleb128 0x17
 1036 000d 11       		.uleb128 0x11
 1037 000e 01       		.uleb128 0x1
 1038 000f 10       		.uleb128 0x10
 1039 0010 17       		.uleb128 0x17
 1040 0011 00       		.byte	0
 1041 0012 00       		.byte	0
 1042 0013 02       		.uleb128 0x2
 1043 0014 24       		.uleb128 0x24
 1044 0015 00       		.byte	0
 1045 0016 0B       		.uleb128 0xb
 1046 0017 0B       		.uleb128 0xb
 1047 0018 3E       		.uleb128 0x3e
 1048 0019 0B       		.uleb128 0xb
 1049 001a 03       		.uleb128 0x3
 1050 001b 08       		.uleb128 0x8
 1051 001c 00       		.byte	0
 1052 001d 00       		.byte	0
 1053 001e 03       		.uleb128 0x3
 1054 001f 16       		.uleb128 0x16
 1055 0020 00       		.byte	0
 1056 0021 03       		.uleb128 0x3
 1057 0022 0E       		.uleb128 0xe
 1058 0023 3A       		.uleb128 0x3a
 1059 0024 0B       		.uleb128 0xb
 1060 0025 3B       		.uleb128 0x3b
 1061 0026 0B       		.uleb128 0xb
 1062 0027 49       		.uleb128 0x49
 1063 0028 13       		.uleb128 0x13
 1064 0029 00       		.byte	0
 1065 002a 00       		.byte	0
 1066 002b 04       		.uleb128 0x4
 1067 002c 24       		.uleb128 0x24
 1068 002d 00       		.byte	0
 1069 002e 0B       		.uleb128 0xb
 1070 002f 0B       		.uleb128 0xb
 1071 0030 3E       		.uleb128 0x3e
ARM GAS  C:\Users\msuro\AppData\Local\Temp\cciZ5v6A.s 			page 26


 1072 0031 0B       		.uleb128 0xb
 1073 0032 03       		.uleb128 0x3
 1074 0033 0E       		.uleb128 0xe
 1075 0034 00       		.byte	0
 1076 0035 00       		.byte	0
 1077 0036 05       		.uleb128 0x5
 1078 0037 0F       		.uleb128 0xf
 1079 0038 00       		.byte	0
 1080 0039 0B       		.uleb128 0xb
 1081 003a 0B       		.uleb128 0xb
 1082 003b 00       		.byte	0
 1083 003c 00       		.byte	0
 1084 003d 06       		.uleb128 0x6
 1085 003e 16       		.uleb128 0x16
 1086 003f 00       		.byte	0
 1087 0040 03       		.uleb128 0x3
 1088 0041 0E       		.uleb128 0xe
 1089 0042 3A       		.uleb128 0x3a
 1090 0043 0B       		.uleb128 0xb
 1091 0044 3B       		.uleb128 0x3b
 1092 0045 05       		.uleb128 0x5
 1093 0046 49       		.uleb128 0x49
 1094 0047 13       		.uleb128 0x13
 1095 0048 00       		.byte	0
 1096 0049 00       		.byte	0
 1097 004a 07       		.uleb128 0x7
 1098 004b 35       		.uleb128 0x35
 1099 004c 00       		.byte	0
 1100 004d 49       		.uleb128 0x49
 1101 004e 13       		.uleb128 0x13
 1102 004f 00       		.byte	0
 1103 0050 00       		.byte	0
 1104 0051 08       		.uleb128 0x8
 1105 0052 2E       		.uleb128 0x2e
 1106 0053 01       		.byte	0x1
 1107 0054 03       		.uleb128 0x3
 1108 0055 0E       		.uleb128 0xe
 1109 0056 3A       		.uleb128 0x3a
 1110 0057 0B       		.uleb128 0xb
 1111 0058 3B       		.uleb128 0x3b
 1112 0059 0B       		.uleb128 0xb
 1113 005a 27       		.uleb128 0x27
 1114 005b 19       		.uleb128 0x19
 1115 005c 11       		.uleb128 0x11
 1116 005d 01       		.uleb128 0x1
 1117 005e 12       		.uleb128 0x12
 1118 005f 06       		.uleb128 0x6
 1119 0060 40       		.uleb128 0x40
 1120 0061 18       		.uleb128 0x18
 1121 0062 9642     		.uleb128 0x2116
 1122 0064 19       		.uleb128 0x19
 1123 0065 01       		.uleb128 0x1
 1124 0066 13       		.uleb128 0x13
 1125 0067 00       		.byte	0
 1126 0068 00       		.byte	0
 1127 0069 09       		.uleb128 0x9
 1128 006a 05       		.uleb128 0x5
ARM GAS  C:\Users\msuro\AppData\Local\Temp\cciZ5v6A.s 			page 27


 1129 006b 00       		.byte	0
 1130 006c 03       		.uleb128 0x3
 1131 006d 08       		.uleb128 0x8
 1132 006e 3A       		.uleb128 0x3a
 1133 006f 0B       		.uleb128 0xb
 1134 0070 3B       		.uleb128 0x3b
 1135 0071 0B       		.uleb128 0xb
 1136 0072 49       		.uleb128 0x49
 1137 0073 13       		.uleb128 0x13
 1138 0074 02       		.uleb128 0x2
 1139 0075 18       		.uleb128 0x18
 1140 0076 00       		.byte	0
 1141 0077 00       		.byte	0
 1142 0078 0A       		.uleb128 0xa
 1143 0079 05       		.uleb128 0x5
 1144 007a 00       		.byte	0
 1145 007b 03       		.uleb128 0x3
 1146 007c 0E       		.uleb128 0xe
 1147 007d 3A       		.uleb128 0x3a
 1148 007e 0B       		.uleb128 0xb
 1149 007f 3B       		.uleb128 0x3b
 1150 0080 0B       		.uleb128 0xb
 1151 0081 49       		.uleb128 0x49
 1152 0082 13       		.uleb128 0x13
 1153 0083 02       		.uleb128 0x2
 1154 0084 18       		.uleb128 0x18
 1155 0085 00       		.byte	0
 1156 0086 00       		.byte	0
 1157 0087 0B       		.uleb128 0xb
 1158 0088 0F       		.uleb128 0xf
 1159 0089 00       		.byte	0
 1160 008a 0B       		.uleb128 0xb
 1161 008b 0B       		.uleb128 0xb
 1162 008c 49       		.uleb128 0x49
 1163 008d 13       		.uleb128 0x13
 1164 008e 00       		.byte	0
 1165 008f 00       		.byte	0
 1166 0090 0C       		.uleb128 0xc
 1167 0091 26       		.uleb128 0x26
 1168 0092 00       		.byte	0
 1169 0093 00       		.byte	0
 1170 0094 00       		.byte	0
 1171 0095 0D       		.uleb128 0xd
 1172 0096 2E       		.uleb128 0x2e
 1173 0097 01       		.byte	0x1
 1174 0098 03       		.uleb128 0x3
 1175 0099 0E       		.uleb128 0xe
 1176 009a 3A       		.uleb128 0x3a
 1177 009b 0B       		.uleb128 0xb
 1178 009c 3B       		.uleb128 0x3b
 1179 009d 0B       		.uleb128 0xb
 1180 009e 27       		.uleb128 0x27
 1181 009f 19       		.uleb128 0x19
 1182 00a0 11       		.uleb128 0x11
 1183 00a1 01       		.uleb128 0x1
 1184 00a2 12       		.uleb128 0x12
 1185 00a3 06       		.uleb128 0x6
ARM GAS  C:\Users\msuro\AppData\Local\Temp\cciZ5v6A.s 			page 28


 1186 00a4 40       		.uleb128 0x40
 1187 00a5 18       		.uleb128 0x18
 1188 00a6 9742     		.uleb128 0x2117
 1189 00a8 19       		.uleb128 0x19
 1190 00a9 01       		.uleb128 0x1
 1191 00aa 13       		.uleb128 0x13
 1192 00ab 00       		.byte	0
 1193 00ac 00       		.byte	0
 1194 00ad 0E       		.uleb128 0xe
 1195 00ae 13       		.uleb128 0x13
 1196 00af 01       		.byte	0x1
 1197 00b0 0B       		.uleb128 0xb
 1198 00b1 0B       		.uleb128 0xb
 1199 00b2 3A       		.uleb128 0x3a
 1200 00b3 0B       		.uleb128 0xb
 1201 00b4 3B       		.uleb128 0x3b
 1202 00b5 0B       		.uleb128 0xb
 1203 00b6 01       		.uleb128 0x1
 1204 00b7 13       		.uleb128 0x13
 1205 00b8 00       		.byte	0
 1206 00b9 00       		.byte	0
 1207 00ba 0F       		.uleb128 0xf
 1208 00bb 0D       		.uleb128 0xd
 1209 00bc 00       		.byte	0
 1210 00bd 03       		.uleb128 0x3
 1211 00be 0E       		.uleb128 0xe
 1212 00bf 3A       		.uleb128 0x3a
 1213 00c0 0B       		.uleb128 0xb
 1214 00c1 3B       		.uleb128 0x3b
 1215 00c2 0B       		.uleb128 0xb
 1216 00c3 49       		.uleb128 0x49
 1217 00c4 13       		.uleb128 0x13
 1218 00c5 38       		.uleb128 0x38
 1219 00c6 0B       		.uleb128 0xb
 1220 00c7 00       		.byte	0
 1221 00c8 00       		.byte	0
 1222 00c9 10       		.uleb128 0x10
 1223 00ca 01       		.uleb128 0x1
 1224 00cb 01       		.byte	0x1
 1225 00cc 49       		.uleb128 0x49
 1226 00cd 13       		.uleb128 0x13
 1227 00ce 01       		.uleb128 0x1
 1228 00cf 13       		.uleb128 0x13
 1229 00d0 00       		.byte	0
 1230 00d1 00       		.byte	0
 1231 00d2 11       		.uleb128 0x11
 1232 00d3 21       		.uleb128 0x21
 1233 00d4 00       		.byte	0
 1234 00d5 49       		.uleb128 0x49
 1235 00d6 13       		.uleb128 0x13
 1236 00d7 2F       		.uleb128 0x2f
 1237 00d8 0B       		.uleb128 0xb
 1238 00d9 00       		.byte	0
 1239 00da 00       		.byte	0
 1240 00db 12       		.uleb128 0x12
 1241 00dc 34       		.uleb128 0x34
 1242 00dd 00       		.byte	0
ARM GAS  C:\Users\msuro\AppData\Local\Temp\cciZ5v6A.s 			page 29


 1243 00de 03       		.uleb128 0x3
 1244 00df 0E       		.uleb128 0xe
 1245 00e0 3A       		.uleb128 0x3a
 1246 00e1 0B       		.uleb128 0xb
 1247 00e2 3B       		.uleb128 0x3b
 1248 00e3 0B       		.uleb128 0xb
 1249 00e4 49       		.uleb128 0x49
 1250 00e5 13       		.uleb128 0x13
 1251 00e6 02       		.uleb128 0x2
 1252 00e7 18       		.uleb128 0x18
 1253 00e8 00       		.byte	0
 1254 00e9 00       		.byte	0
 1255 00ea 13       		.uleb128 0x13
 1256 00eb 26       		.uleb128 0x26
 1257 00ec 00       		.byte	0
 1258 00ed 49       		.uleb128 0x49
 1259 00ee 13       		.uleb128 0x13
 1260 00ef 00       		.byte	0
 1261 00f0 00       		.byte	0
 1262 00f1 14       		.uleb128 0x14
 1263 00f2 2E       		.uleb128 0x2e
 1264 00f3 00       		.byte	0
 1265 00f4 03       		.uleb128 0x3
 1266 00f5 0E       		.uleb128 0xe
 1267 00f6 3A       		.uleb128 0x3a
 1268 00f7 0B       		.uleb128 0xb
 1269 00f8 3B       		.uleb128 0x3b
 1270 00f9 0B       		.uleb128 0xb
 1271 00fa 27       		.uleb128 0x27
 1272 00fb 19       		.uleb128 0x19
 1273 00fc 11       		.uleb128 0x11
 1274 00fd 01       		.uleb128 0x1
 1275 00fe 12       		.uleb128 0x12
 1276 00ff 06       		.uleb128 0x6
 1277 0100 40       		.uleb128 0x40
 1278 0101 18       		.uleb128 0x18
 1279 0102 9642     		.uleb128 0x2116
 1280 0104 19       		.uleb128 0x19
 1281 0105 00       		.byte	0
 1282 0106 00       		.byte	0
 1283 0107 15       		.uleb128 0x15
 1284 0108 2E       		.uleb128 0x2e
 1285 0109 00       		.byte	0
 1286 010a 03       		.uleb128 0x3
 1287 010b 0E       		.uleb128 0xe
 1288 010c 3A       		.uleb128 0x3a
 1289 010d 0B       		.uleb128 0xb
 1290 010e 3B       		.uleb128 0x3b
 1291 010f 05       		.uleb128 0x5
 1292 0110 27       		.uleb128 0x27
 1293 0111 19       		.uleb128 0x19
 1294 0112 11       		.uleb128 0x11
 1295 0113 01       		.uleb128 0x1
 1296 0114 12       		.uleb128 0x12
 1297 0115 06       		.uleb128 0x6
 1298 0116 40       		.uleb128 0x40
 1299 0117 18       		.uleb128 0x18
ARM GAS  C:\Users\msuro\AppData\Local\Temp\cciZ5v6A.s 			page 30


 1300 0118 9742     		.uleb128 0x2117
 1301 011a 19       		.uleb128 0x19
 1302 011b 00       		.byte	0
 1303 011c 00       		.byte	0
 1304 011d 16       		.uleb128 0x16
 1305 011e 2E       		.uleb128 0x2e
 1306 011f 01       		.byte	0x1
 1307 0120 3F       		.uleb128 0x3f
 1308 0121 19       		.uleb128 0x19
 1309 0122 03       		.uleb128 0x3
 1310 0123 0E       		.uleb128 0xe
 1311 0124 3A       		.uleb128 0x3a
 1312 0125 0B       		.uleb128 0xb
 1313 0126 3B       		.uleb128 0x3b
 1314 0127 05       		.uleb128 0x5
 1315 0128 27       		.uleb128 0x27
 1316 0129 19       		.uleb128 0x19
 1317 012a 11       		.uleb128 0x11
 1318 012b 01       		.uleb128 0x1
 1319 012c 12       		.uleb128 0x12
 1320 012d 06       		.uleb128 0x6
 1321 012e 40       		.uleb128 0x40
 1322 012f 18       		.uleb128 0x18
 1323 0130 9642     		.uleb128 0x2116
 1324 0132 19       		.uleb128 0x19
 1325 0133 00       		.byte	0
 1326 0134 00       		.byte	0
 1327 0135 17       		.uleb128 0x17
 1328 0136 0B       		.uleb128 0xb
 1329 0137 01       		.byte	0x1
 1330 0138 11       		.uleb128 0x11
 1331 0139 01       		.uleb128 0x1
 1332 013a 12       		.uleb128 0x12
 1333 013b 06       		.uleb128 0x6
 1334 013c 00       		.byte	0
 1335 013d 00       		.byte	0
 1336 013e 18       		.uleb128 0x18
 1337 013f 13       		.uleb128 0x13
 1338 0140 01       		.byte	0x1
 1339 0141 0B       		.uleb128 0xb
 1340 0142 0B       		.uleb128 0xb
 1341 0143 3A       		.uleb128 0x3a
 1342 0144 0B       		.uleb128 0xb
 1343 0145 3B       		.uleb128 0x3b
 1344 0146 05       		.uleb128 0x5
 1345 0147 01       		.uleb128 0x1
 1346 0148 13       		.uleb128 0x13
 1347 0149 00       		.byte	0
 1348 014a 00       		.byte	0
 1349 014b 19       		.uleb128 0x19
 1350 014c 0D       		.uleb128 0xd
 1351 014d 00       		.byte	0
 1352 014e 03       		.uleb128 0x3
 1353 014f 0E       		.uleb128 0xe
 1354 0150 3A       		.uleb128 0x3a
 1355 0151 0B       		.uleb128 0xb
 1356 0152 3B       		.uleb128 0x3b
ARM GAS  C:\Users\msuro\AppData\Local\Temp\cciZ5v6A.s 			page 31


 1357 0153 05       		.uleb128 0x5
 1358 0154 49       		.uleb128 0x49
 1359 0155 13       		.uleb128 0x13
 1360 0156 38       		.uleb128 0x38
 1361 0157 0B       		.uleb128 0xb
 1362 0158 00       		.byte	0
 1363 0159 00       		.byte	0
 1364 015a 1A       		.uleb128 0x1a
 1365 015b 34       		.uleb128 0x34
 1366 015c 00       		.byte	0
 1367 015d 03       		.uleb128 0x3
 1368 015e 0E       		.uleb128 0xe
 1369 015f 3A       		.uleb128 0x3a
 1370 0160 0B       		.uleb128 0xb
 1371 0161 3B       		.uleb128 0x3b
 1372 0162 05       		.uleb128 0x5
 1373 0163 49       		.uleb128 0x49
 1374 0164 13       		.uleb128 0x13
 1375 0165 02       		.uleb128 0x2
 1376 0166 18       		.uleb128 0x18
 1377 0167 00       		.byte	0
 1378 0168 00       		.byte	0
 1379 0169 1B       		.uleb128 0x1b
 1380 016a 34       		.uleb128 0x34
 1381 016b 00       		.byte	0
 1382 016c 03       		.uleb128 0x3
 1383 016d 08       		.uleb128 0x8
 1384 016e 3A       		.uleb128 0x3a
 1385 016f 0B       		.uleb128 0xb
 1386 0170 3B       		.uleb128 0x3b
 1387 0171 05       		.uleb128 0x5
 1388 0172 49       		.uleb128 0x49
 1389 0173 13       		.uleb128 0x13
 1390 0174 02       		.uleb128 0x2
 1391 0175 18       		.uleb128 0x18
 1392 0176 00       		.byte	0
 1393 0177 00       		.byte	0
 1394 0178 00       		.byte	0
 1395              		.section	.debug_aranges,"",%progbits
 1396 0000 4C000000 		.4byte	0x4c
 1397 0004 0200     		.2byte	0x2
 1398 0006 00000000 		.4byte	.Ldebug_info0
 1399 000a 04       		.byte	0x4
 1400 000b 00       		.byte	0
 1401 000c 0000     		.2byte	0
 1402 000e 0000     		.2byte	0
 1403 0010 00000000 		.4byte	.LFB2
 1404 0014 1E000000 		.4byte	.LFE2-.LFB2
 1405 0018 00000000 		.4byte	.LFB3
 1406 001c 22000000 		.4byte	.LFE3-.LFB3
 1407 0020 00000000 		.4byte	.LFB4
 1408 0024 22000000 		.4byte	.LFE4-.LFB4
 1409 0028 00000000 		.4byte	.LFB5
 1410 002c A4000000 		.4byte	.LFE5-.LFB5
 1411 0030 A4000000 		.4byte	.LFB6
 1412 0034 D8000000 		.4byte	.LFE6-.LFB6
 1413 0038 00000000 		.4byte	.LFB7
ARM GAS  C:\Users\msuro\AppData\Local\Temp\cciZ5v6A.s 			page 32


 1414 003c 28000000 		.4byte	.LFE7-.LFB7
 1415 0040 7C010000 		.4byte	.LFB8
 1416 0044 18010000 		.4byte	.LFE8-.LFB8
 1417 0048 00000000 		.4byte	0
 1418 004c 00000000 		.4byte	0
 1419              		.section	.debug_ranges,"",%progbits
 1420              	.Ldebug_ranges0:
 1421 0000 00000000 		.4byte	.LFB2
 1422 0004 1E000000 		.4byte	.LFE2
 1423 0008 00000000 		.4byte	.LFB3
 1424 000c 22000000 		.4byte	.LFE3
 1425 0010 00000000 		.4byte	.LFB4
 1426 0014 22000000 		.4byte	.LFE4
 1427 0018 00000000 		.4byte	.LFB5
 1428 001c A4000000 		.4byte	.LFE5
 1429 0020 A4000000 		.4byte	.LFB6
 1430 0024 7C010000 		.4byte	.LFE6
 1431 0028 00000000 		.4byte	.LFB7
 1432 002c 28000000 		.4byte	.LFE7
 1433 0030 7C010000 		.4byte	.LFB8
 1434 0034 94020000 		.4byte	.LFE8
 1435 0038 00000000 		.4byte	0
 1436 003c 00000000 		.4byte	0
 1437              		.section	.debug_line,"",%progbits
 1438              	.Ldebug_line0:
 1439 0000 86010000 		.section	.debug_str,"MS",%progbits,1
 1439      0200D000 
 1439      00000201 
 1439      FB0E0D00 
 1439      01010101 
 1440              	.LASF19:
 1441 0000 72656733 		.ascii	"reg32\000"
 1441      3200
 1442              	.LASF11:
 1443 0006 73697A65 		.ascii	"size_t\000"
 1443      5F7400
 1444              	.LASF38:
 1445 000d 416E616C 		.ascii	"AnalogSetDefault\000"
 1445      6F675365 
 1445      74446566 
 1445      61756C74 
 1445      00
 1446              	.LASF29:
 1447 001e 696D6F5F 		.ascii	"imo_trim_entry_t\000"
 1447      7472696D 
 1447      5F656E74 
 1447      72795F74 
 1447      00
 1448              	.LASF42:
 1449 002f 6366675F 		.ascii	"cfg_memset_list\000"
 1449      6D656D73 
 1449      65745F6C 
 1449      69737400 
 1450              	.LASF37:
 1451 003f 436C6F63 		.ascii	"ClockSetup\000"
 1451      6B536574 
 1451      757000
ARM GAS  C:\Users\msuro\AppData\Local\Temp\cciZ5v6A.s 			page 33


 1452              	.LASF28:
 1453 004a 746D7063 		.ascii	"tmpco\000"
 1453      6F00
 1454              	.LASF4:
 1455 0050 73686F72 		.ascii	"short unsigned int\000"
 1455      7420756E 
 1455      7369676E 
 1455      65642069 
 1455      6E7400
 1456              	.LASF3:
 1457 0063 73686F72 		.ascii	"short int\000"
 1457      7420696E 
 1457      7400
 1458              	.LASF24:
 1459 006d 53657449 		.ascii	"SetIMOBGTrims\000"
 1459      4D4F4247 
 1459      5472696D 
 1459      7300
 1460              	.LASF16:
 1461 007b 666C6F61 		.ascii	"float\000"
 1461      7400
 1462              	.LASF34:
 1463 0081 696D6F54 		.ascii	"imoTrimIndex\000"
 1463      72696D49 
 1463      6E646578 
 1463      00
 1464              	.LASF22:
 1465 008e 64657374 		.ascii	"dest\000"
 1465      00
 1466              	.LASF40:
 1467 0093 73697A65 		.ascii	"size\000"
 1467      00
 1468              	.LASF18:
 1469 0098 72656738 		.ascii	"reg8\000"
 1469      00
 1470              	.LASF6:
 1471 009d 6C6F6E67 		.ascii	"long unsigned int\000"
 1471      20756E73 
 1471      69676E65 
 1471      6420696E 
 1471      7400
 1472              	.LASF15:
 1473 00af 696E7433 		.ascii	"int32\000"
 1473      3200
 1474              	.LASF20:
 1475 00b5 43594D45 		.ascii	"CYMEMZERO\000"
 1475      4D5A4552 
 1475      4F00
 1476              	.LASF2:
 1477 00bf 756E7369 		.ascii	"unsigned char\000"
 1477      676E6564 
 1477      20636861 
 1477      7200
 1478              	.LASF17:
 1479 00cd 646F7562 		.ascii	"double\000"
 1479      6C6500
 1480              	.LASF25:
ARM GAS  C:\Users\msuro\AppData\Local\Temp\cciZ5v6A.s 			page 34


 1481 00d4 696D6F46 		.ascii	"imoFreq\000"
 1481      72657100 
 1482              	.LASF21:
 1483 00dc 4359434F 		.ascii	"CYCONFIGCPY\000"
 1483      4E464947 
 1483      43505900 
 1484              	.LASF33:
 1485 00e8 494D4F5F 		.ascii	"IMO_TRIM_FREQ_TABLE_ENTRIES\000"
 1485      5452494D 
 1485      5F465245 
 1485      515F5441 
 1485      424C455F 
 1486              	.LASF13:
 1487 0104 75696E74 		.ascii	"uint16\000"
 1487      313600
 1488              	.LASF14:
 1489 010b 75696E74 		.ascii	"uint32\000"
 1489      333200
 1490              	.LASF0:
 1491 0112 756E7369 		.ascii	"unsigned int\000"
 1491      676E6564 
 1491      20696E74 
 1491      00
 1492              	.LASF46:
 1493 011f 63796669 		.ascii	"cyfitter_cfg\000"
 1493      74746572 
 1493      5F636667 
 1493      00
 1494              	.LASF39:
 1495 012c 61646472 		.ascii	"address\000"
 1495      65737300 
 1496              	.LASF8:
 1497 0134 6C6F6E67 		.ascii	"long long unsigned int\000"
 1497      206C6F6E 
 1497      6720756E 
 1497      7369676E 
 1497      65642069 
 1498              	.LASF31:
 1499 014b 696D6F5F 		.ascii	"imo_trim_table_t\000"
 1499      7472696D 
 1499      5F746162 
 1499      6C655F74 
 1499      00
 1500              	.LASF41:
 1501 015c 6366675F 		.ascii	"cfg_memset_t\000"
 1501      6D656D73 
 1501      65745F74 
 1501      00
 1502              	.LASF44:
 1503 0169 2E5C4765 		.ascii	".\\Generated_Source\\PSoC4\\cyfitter_cfg.c\000"
 1503      6E657261 
 1503      7465645F 
 1503      536F7572 
 1503      63655C50 
 1504              	.LASF9:
 1505 0191 73697A65 		.ascii	"sizetype\000"
 1505      74797065 
ARM GAS  C:\Users\msuro\AppData\Local\Temp\cciZ5v6A.s 			page 35


 1505      00
 1506              	.LASF36:
 1507 019a 73657454 		.ascii	"setTmpCo\000"
 1507      6D70436F 
 1507      00
 1508              	.LASF7:
 1509 01a3 6C6F6E67 		.ascii	"long long int\000"
 1509      206C6F6E 
 1509      6720696E 
 1509      7400
 1510              	.LASF10:
 1511 01b1 63686172 		.ascii	"char\000"
 1511      00
 1512              	.LASF27:
 1513 01b6 6162736F 		.ascii	"absolute\000"
 1513      6C757465 
 1513      00
 1514              	.LASF26:
 1515 01bf 66726571 		.ascii	"freq\000"
 1515      00
 1516              	.LASF12:
 1517 01c4 75696E74 		.ascii	"uint8\000"
 1517      3800
 1518              	.LASF32:
 1519 01ca 696D6F5F 		.ascii	"imo_trim_table\000"
 1519      7472696D 
 1519      5F746162 
 1519      6C6500
 1520              	.LASF5:
 1521 01d9 6C6F6E67 		.ascii	"long int\000"
 1521      20696E74 
 1521      00
 1522              	.LASF30:
 1523 01e2 656E7472 		.ascii	"entries\000"
 1523      69657300 
 1524              	.LASF35:
 1525 01ea 73657441 		.ascii	"setAbs\000"
 1525      627300
 1526              	.LASF1:
 1527 01f1 7369676E 		.ascii	"signed char\000"
 1527      65642063 
 1527      68617200 
 1528              	.LASF23:
 1529 01fd 4359434F 		.ascii	"CYCONFIGCPYCODE\000"
 1529      4E464947 
 1529      43505943 
 1529      4F444500 
 1530              	.LASF43:
 1531 020d 474E5520 		.ascii	"GNU C 4.8.4 20140526 (release) [ARM/embedded-4_8-br"
 1531      4320342E 
 1531      382E3420 
 1531      32303134 
 1531      30353236 
 1532 0240 616E6368 		.ascii	"anch revision 211358] -mcpu=cortex-m0 -mthumb -g -O"
 1532      20726576 
 1532      6973696F 
 1532      6E203231 
ARM GAS  C:\Users\msuro\AppData\Local\Temp\cciZ5v6A.s 			page 36


 1532      31333538 
 1533 0273 30202D66 		.ascii	"0 -ffunction-sections\000"
 1533      66756E63 
 1533      74696F6E 
 1533      2D736563 
 1533      74696F6E 
 1534              	.LASF45:
 1535 0289 433A5C55 		.ascii	"C:\\Users\\msuro\\Documents\\Manhattan College\\Fal"
 1535      73657273 
 1535      5C6D7375 
 1535      726F5C44 
 1535      6F63756D 
 1536 02b7 6C203230 		.ascii	"l 2016\\Embedded Systems\\Project\\Project Files\\C"
 1536      31365C45 
 1536      6D626564 
 1536      64656420 
 1536      53797374 
 1537 02e6 6C69656E 		.ascii	"lient and Server-Central\\Client and Server-Central"
 1537      7420616E 
 1537      64205365 
 1537      72766572 
 1537      2D43656E 
 1538 0318 2E637964 		.ascii	".cydsn\000"
 1538      736E00
 1539              		.ident	"GCC: (GNU Tools for ARM Embedded Processors) 4.8.4 20140526 (release) [ARM/embedded-4_8-br
